This file contains any messages produced by compilers while
running configure, to aid debugging if configure makes a mistake.

It was created by ml_module configure 1.0, which was
generated by GNU Autoconf 2.69.  Invocation command line was

  $ /home/mikael/git/bgmodel/nest/module/bootstrap-module-130701-nest-2.2.2/configure --with-nest=/home/mikael/git/bgmodel/nest/dist/install-nest-2.2.2/bin/nest-config --prefix=/home/mikael/git/bgmodel/nest/module/install-module-130701-nest-2.2.2//

## --------- ##
## Platform. ##
## --------- ##

hostname = thalamus
uname -m = x86_64
uname -r = 3.16.0-4-amd64
uname -s = Linux
uname -v = #1 SMP Debian 3.16.7-ckt9-3~deb8u1 (2015-04-24)

/usr/bin/uname -p = unknown
/bin/uname -X     = unknown

/bin/arch              = unknown
/usr/bin/arch -k       = unknown
/usr/convex/getsysinfo = unknown
/usr/bin/hostinfo      = unknown
/bin/machine           = unknown
/usr/bin/oslevel       = unknown
/bin/universe          = unknown

PATH: /usr/local/bin
PATH: /usr/bin
PATH: /bin
PATH: /usr/local/games
PATH: /usr/games


## ----------- ##
## Core tests. ##
## ----------- ##

configure:2428: checking for a BSD-compatible install
configure:2496: result: /usr/bin/install -c
configure:2507: checking whether build environment is sane
configure:2562: result: yes
configure:2713: checking for a thread-safe mkdir -p
configure:2752: result: /bin/mkdir -p
configure:2759: checking for gawk
configure:2775: found /usr/bin/gawk
configure:2786: result: gawk
configure:2797: checking whether make sets $(MAKE)
configure:2819: result: yes
configure:2848: checking whether make supports nested variables
configure:2865: result: yes
configure:2954: checking whether UID '1000' is supported by ustar format
configure:2957: result: yes
configure:2964: checking whether GID '1000' is supported by ustar format
configure:2967: result: yes
configure:2975: checking how to create a ustar tar archive
configure:2986: tar --version
tar (GNU tar) 1.27.1
Copyright (C) 2013 Free Software Foundation, Inc.
License GPLv3+: GNU GPL version 3 or later <http://gnu.org/licenses/gpl.html>.
This is free software: you are free to change and redistribute it.
There is NO WARRANTY, to the extent permitted by law.

Written by John Gilmore and Jay Fenlason.
configure:2989: $? = 0
configure:3029: tardir=conftest.dir && eval tar --format=ustar -chf - "$tardir" >conftest.tar
configure:3032: $? = 0
configure:3036: tar -xf - <conftest.tar
configure:3039: $? = 0
configure:3041: cat conftest.dir/file
GrepMe
configure:3044: $? = 0
configure:3057: result: gnutar
configure:3113: checking build system type
configure:3127: result: x86_64-unknown-linux-gnu
configure:3147: checking host system type
configure:3160: result: x86_64-unknown-linux-gnu
configure:3211: checking for nest-config 
configure:3214: checking for /home/mikael/git/bgmodel/nest/dist/install-nest-2.2.2/bin/nest-config
configure:3228: result: no
configure:3233: error: No usable nest-config was found. You may want to use --with-nest-config.

## ---------------- ##
## Cache variables. ##
## ---------------- ##

ac_cv_build=x86_64-unknown-linux-gnu
ac_cv_env_CCC_set=
ac_cv_env_CCC_value=
ac_cv_env_CC_set=
ac_cv_env_CC_value=
ac_cv_env_CFLAGS_set=
ac_cv_env_CFLAGS_value=
ac_cv_env_CPPFLAGS_set=
ac_cv_env_CPPFLAGS_value=
ac_cv_env_CPP_set=
ac_cv_env_CPP_value=
ac_cv_env_CXXCPP_set=
ac_cv_env_CXXCPP_value=
ac_cv_env_CXXFLAGS_set=
ac_cv_env_CXXFLAGS_value=
ac_cv_env_CXX_set=
ac_cv_env_CXX_value=
ac_cv_env_LDFLAGS_set=
ac_cv_env_LDFLAGS_value=
ac_cv_env_LIBS_set=
ac_cv_env_LIBS_value=
ac_cv_env_build_alias_set=
ac_cv_env_build_alias_value=
ac_cv_env_host_alias_set=
ac_cv_env_host_alias_value=
ac_cv_env_target_alias_set=
ac_cv_env_target_alias_value=
ac_cv_file__home_mikael_git_bgmodel_nest_dist_install_nest_2_2_2_bin_nest_config=no
ac_cv_host=x86_64-unknown-linux-gnu
ac_cv_path_install='/usr/bin/install -c'
ac_cv_path_mkdir=/bin/mkdir
ac_cv_prog_AWK=gawk
ac_cv_prog_make_make_set=yes
am_cv_make_support_nested_variables=yes
am_cv_prog_tar_ustar=gnutar

## ----------------- ##
## Output variables. ##
## ----------------- ##

ACLOCAL='${SHELL} /home/mikael/git/bgmodel/nest/module/bootstrap-module-130701-nest-2.2.2/missing aclocal-1.14'
AMDEPBACKSLASH=''
AMDEP_FALSE=''
AMDEP_TRUE=''
AMTAR='$${TAR-tar}'
AM_BACKSLASH='\'
AM_CFLAGS=''
AM_CXXFLAGS=''
AM_DEFAULT_V='$(AM_DEFAULT_VERBOSITY)'
AM_DEFAULT_VERBOSITY='1'
AM_V='$(V)'
AR=''
ARFLAGS=''
AS=''
AUTOCONF='${SHELL} /home/mikael/git/bgmodel/nest/module/bootstrap-module-130701-nest-2.2.2/missing autoconf'
AUTOHEADER='${SHELL} /home/mikael/git/bgmodel/nest/module/bootstrap-module-130701-nest-2.2.2/missing autoheader'
AUTOMAKE='${SHELL} /home/mikael/git/bgmodel/nest/module/bootstrap-module-130701-nest-2.2.2/missing automake-1.14'
AWK='gawk'
CC=''
CCDEPMODE=''
CFLAGS=''
CPP=''
CPPFLAGS=''
CXX=''
CXXCPP=''
CXXDEPMODE=''
CXXFLAGS=''
CXX_AR=''
CYGPATH_W='echo'
DEFS=''
DEPDIR=''
DLLTOOL=''
DSYMUTIL=''
DUMPBIN=''
ECHO_C=''
ECHO_N='-n'
ECHO_T=''
EGREP=''
EXEEXT=''
FGREP=''
GREP=''
HAVE_NEST=''
HELPDIRS=''
HOST=''
INCLTDL=''
INSTALL_DATA='${INSTALL} -m 644'
INSTALL_PROGRAM='${INSTALL}'
INSTALL_SCRIPT='${INSTALL}'
INSTALL_STRIP_PROGRAM='$(install_sh) -c -s'
KERNEL=''
LD=''
LDFLAGS=''
LIBLTDL=''
LIBOBJS=''
LIBS=''
LIBTOOL=''
LIPO=''
LN_S=''
LTDLDEPS=''
LTDLINCL=''
LTLIBOBJS=''
MAKE=''
MAKEINFO='${SHELL} /home/mikael/git/bgmodel/nest/module/bootstrap-module-130701-nest-2.2.2/missing makeinfo'
MAKE_FLAGS=''
MANIFEST_TOOL=''
MKDIR_P='/bin/mkdir -p'
NEST_COMPILER=''
NEST_CONFIG='/home/mikael/git/bgmodel/nest/dist/install-nest-2.2.2/bin/nest-config'
NEST_CPPFLAGS=''
NEST_PREFIX=''
NM=''
NMEDIT=''
OBJDUMP=''
OBJEXT=''
OTOOL64=''
OTOOL=''
PACKAGE='ml_module'
PACKAGE_BUGREPORT='nest_user@nest-initiative.org'
PACKAGE_NAME='ml_module'
PACKAGE_STRING='ml_module 1.0'
PACKAGE_TARNAME='ml_module'
PACKAGE_URL=''
PACKAGE_VERSION='1.0'
PATH_SEPARATOR=':'
PKGBUILDDIR='/home/mikael/git/bgmodel/nest/module/build-module-130701-nest-2.2.2'
PKGDATADIR=''
PKGDOCDIR=''
PKGSRCDIR='/home/mikael/git/bgmodel/nest/module/bootstrap-module-130701-nest-2.2.2'
RANLIB=''
SED=''
SET_MAKE=''
SHELL='/bin/bash'
STRIP=''
VERSION='1.0'
ac_ct_AR=''
ac_ct_CC=''
ac_ct_CXX=''
ac_ct_DUMPBIN=''
am__EXEEXT_FALSE=''
am__EXEEXT_TRUE=''
am__fastdepCC_FALSE=''
am__fastdepCC_TRUE=''
am__fastdepCXX_FALSE=''
am__fastdepCXX_TRUE=''
am__include=''
am__isrc=' -I$(srcdir)'
am__leading_dot='.'
am__nodep=''
am__quote=''
am__tar='tar --format=ustar -chf - "$$tardir"'
am__untar='tar -xf -'
bindir='${exec_prefix}/bin'
build='x86_64-unknown-linux-gnu'
build_alias=''
build_cpu='x86_64'
build_os='linux-gnu'
build_vendor='unknown'
datadir='${datarootdir}'
datarootdir='${prefix}/share'
docdir='${datarootdir}/doc/${PACKAGE_TARNAME}'
dvidir='${docdir}'
exec_prefix='NONE'
host='x86_64-unknown-linux-gnu'
host_alias=''
host_cpu='x86_64'
host_os='linux-gnu'
host_vendor='unknown'
htmldir='${docdir}'
includedir='${prefix}/include'
infodir='${datarootdir}/info'
install_sh='${SHELL} /home/mikael/git/bgmodel/nest/module/bootstrap-module-130701-nest-2.2.2/install-sh'
libdir='${exec_prefix}/lib'
libexecdir='${exec_prefix}/libexec'
localedir='${datarootdir}/locale'
localstatedir='${prefix}/var'
mandir='${datarootdir}/man'
mkdir_p='$(MKDIR_P)'
oldincludedir='/usr/include'
pdfdir='${docdir}'
prefix='/home/mikael/git/bgmodel/nest/module/install-module-130701-nest-2.2.2'
program_transform_name='s,x,x,'
psdir='${docdir}'
sbindir='${exec_prefix}/sbin'
sharedstatedir='${prefix}/com'
subdirs=''
sysconfdir='${prefix}/etc'
target_alias=''

## ----------- ##
## confdefs.h. ##
## ----------- ##

/* confdefs.h */
#define PACKAGE_NAME "ml_module"
#define PACKAGE_TARNAME "ml_module"
#define PACKAGE_VERSION "1.0"
#define PACKAGE_STRING "ml_module 1.0"
#define PACKAGE_BUGREPORT "nest_user@nest-initiative.org"
#define PACKAGE_URL ""
#define PACKAGE "ml_module"
#define VERSION "1.0"

configure: exit 1
