This file contains any messages produced by compilers while
running configure, to aid debugging if configure makes a mistake.

It was created by libltdl configure 2.4.2, which was
generated by GNU Autoconf 2.69.  Invocation command line was

  $ /home/mikael/git/bgmodel/nest/module/bootstrap-module-150605-2.6.0-nest-2.6.0/libltdl/configure --disable-option-checking --prefix=/home/mikael/git/bgmodel/nest/module/install-module-150605-2.6.0-nest-2.6.0 --with-nest=/home/mikael/git/bgmodel/nest/dist/install-nest-2.6.0/bin/nest-config --enable-ltdl-convenience --cache-file=/dev/null --srcdir=/home/mikael/git/bgmodel/nest/module/bootstrap-module-150605-2.6.0-nest-2.6.0/libltdl

## --------- ##
## Platform. ##
## --------- ##

hostname = thalamus
uname -m = x86_64
uname -r = 3.16.0-4-amd64
uname -s = Linux
uname -v = #1 SMP Debian 3.16.7-ckt9-3~deb8u1 (2015-04-24)

/usr/bin/uname -p = unknown
/bin/uname -X     = unknown

/bin/arch              = unknown
/usr/bin/arch -k       = unknown
/usr/convex/getsysinfo = unknown
/usr/bin/hostinfo      = unknown
/bin/machine           = unknown
/usr/bin/oslevel       = unknown
/bin/universe          = unknown

PATH: /usr/local/bin
PATH: /usr/bin
PATH: /bin
PATH: /usr/local/games
PATH: /usr/games


## ----------- ##
## Core tests. ##
## ----------- ##

configure:2292: checking for a BSD-compatible install
configure:2360: result: /usr/bin/install -c
configure:2371: checking whether build environment is sane
configure:2426: result: yes
configure:2577: checking for a thread-safe mkdir -p
configure:2616: result: /bin/mkdir -p
configure:2623: checking for gawk
configure:2639: found /usr/bin/gawk
configure:2650: result: gawk
configure:2661: checking whether make sets $(MAKE)
configure:2683: result: yes
configure:2712: checking whether make supports nested variables
configure:2729: result: yes
configure:2895: checking build system type
configure:2909: result: x86_64-unknown-linux-gnu
configure:2929: checking host system type
configure:2942: result: x86_64-unknown-linux-gnu
configure:2983: checking how to print strings
configure:3010: result: printf
configure:3043: checking for style of include used by make
configure:3071: result: GNU
configure:3142: checking for gcc
configure:3158: found /usr/bin/gcc
configure:3169: result: gcc
configure:3398: checking for C compiler version
configure:3407: gcc --version >&5
gcc (Debian 4.9.2-10) 4.9.2
Copyright (C) 2014 Free Software Foundation, Inc.
This is free software; see the source for copying conditions.  There is NO
warranty; not even for MERCHANTABILITY or FITNESS FOR A PARTICULAR PURPOSE.

configure:3418: $? = 0
configure:3407: gcc -v >&5
Using built-in specs.
COLLECT_GCC=gcc
COLLECT_LTO_WRAPPER=/usr/lib/gcc/x86_64-linux-gnu/4.9/lto-wrapper
Target: x86_64-linux-gnu
Configured with: ../src/configure -v --with-pkgversion='Debian 4.9.2-10' --with-bugurl=file:///usr/share/doc/gcc-4.9/README.Bugs --enable-languages=c,c++,java,go,d,fortran,objc,obj-c++ --prefix=/usr --program-suffix=-4.9 --enable-shared --enable-linker-build-id --libexecdir=/usr/lib --without-included-gettext --enable-threads=posix --with-gxx-include-dir=/usr/include/c++/4.9 --libdir=/usr/lib --enable-nls --with-sysroot=/ --enable-clocale=gnu --enable-libstdcxx-debug --enable-libstdcxx-time=yes --enable-gnu-unique-object --disable-vtable-verify --enable-plugin --with-system-zlib --disable-browser-plugin --enable-java-awt=gtk --enable-gtk-cairo --with-java-home=/usr/lib/jvm/java-1.5.0-gcj-4.9-amd64/jre --enable-java-home --with-jvm-root-dir=/usr/lib/jvm/java-1.5.0-gcj-4.9-amd64 --with-jvm-jar-dir=/usr/lib/jvm-exports/java-1.5.0-gcj-4.9-amd64 --with-arch-directory=amd64 --with-ecj-jar=/usr/share/java/eclipse-ecj.jar --enable-objc-gc --enable-multiarch --with-arch-32=i586 --with-abi=m64 --with-multilib-list=m32,m64,mx32 --enable-multilib --with-tune=generic --enable-checking=release --build=x86_64-linux-gnu --host=x86_64-linux-gnu --target=x86_64-linux-gnu
Thread model: posix
gcc version 4.9.2 (Debian 4.9.2-10) 
configure:3418: $? = 0
configure:3407: gcc -V >&5
gcc: error: unrecognized command line option '-V'
gcc: fatal error: no input files
compilation terminated.
configure:3418: $? = 4
configure:3407: gcc -qversion >&5
gcc: error: unrecognized command line option '-qversion'
gcc: fatal error: no input files
compilation terminated.
configure:3418: $? = 4
configure:3438: checking whether the C compiler works
configure:3460: gcc    conftest.c  >&5
configure:3464: $? = 0
configure:3512: result: yes
configure:3515: checking for C compiler default output file name
configure:3517: result: a.out
configure:3523: checking for suffix of executables
configure:3530: gcc -o conftest    conftest.c  >&5
configure:3534: $? = 0
configure:3556: result: 
configure:3578: checking whether we are cross compiling
configure:3586: gcc -o conftest    conftest.c  >&5
configure:3590: $? = 0
configure:3597: ./conftest
configure:3601: $? = 0
configure:3616: result: no
configure:3621: checking for suffix of object files
configure:3643: gcc -c   conftest.c >&5
configure:3647: $? = 0
configure:3668: result: o
configure:3672: checking whether we are using the GNU C compiler
configure:3691: gcc -c   conftest.c >&5
configure:3691: $? = 0
configure:3700: result: yes
configure:3709: checking whether gcc accepts -g
configure:3729: gcc -c -g  conftest.c >&5
configure:3729: $? = 0
configure:3770: result: yes
configure:3787: checking for gcc option to accept ISO C89
configure:3850: gcc  -c -g -O2  conftest.c >&5
configure:3850: $? = 0
configure:3863: result: none needed
configure:3888: checking whether gcc understands -c and -o together
configure:3910: gcc -c conftest.c -o conftest2.o
configure:3913: $? = 0
configure:3910: gcc -c conftest.c -o conftest2.o
configure:3913: $? = 0
configure:3925: result: yes
configure:3944: checking dependency style of gcc
configure:4055: result: gcc3
configure:4070: checking for a sed that does not truncate output
configure:4134: result: /bin/sed
configure:4152: checking for grep that handles long lines and -e
configure:4210: result: /bin/grep
configure:4215: checking for egrep
configure:4277: result: /bin/grep -E
configure:4282: checking for fgrep
configure:4344: result: /bin/grep -F
configure:4379: checking for ld used by gcc
configure:4446: result: /usr/bin/ld
configure:4453: checking if the linker (/usr/bin/ld) is GNU ld
configure:4468: result: yes
configure:4480: checking for BSD- or MS-compatible name lister (nm)
configure:4529: result: /usr/bin/nm -B
configure:4659: checking the name lister (/usr/bin/nm -B) interface
configure:4666: gcc -c -g -O2  conftest.c >&5
configure:4669: /usr/bin/nm -B "conftest.o"
configure:4672: output
0000000000000000 B some_variable
configure:4679: result: BSD nm
configure:4682: checking whether ln -s works
configure:4686: result: yes
configure:4694: checking the maximum length of command line arguments
configure:4825: result: 1572864
configure:4842: checking whether the shell understands some XSI constructs
configure:4852: result: yes
configure:4856: checking whether the shell understands "+="
configure:4862: result: yes
configure:4897: checking how to convert x86_64-unknown-linux-gnu file names to x86_64-unknown-linux-gnu format
configure:4937: result: func_convert_file_noop
configure:4944: checking how to convert x86_64-unknown-linux-gnu file names to toolchain format
configure:4964: result: func_convert_file_noop
configure:4971: checking for /usr/bin/ld option to reload object files
configure:4978: result: -r
configure:5052: checking for objdump
configure:5068: found /usr/bin/objdump
configure:5079: result: objdump
configure:5108: checking how to recognize dependent libraries
configure:5306: result: pass_all
configure:5391: checking for dlltool
configure:5421: result: no
configure:5448: checking how to associate runtime and link libraries
configure:5475: result: printf %s\n
configure:5536: checking for ar
configure:5552: found /usr/bin/ar
configure:5563: result: ar
configure:5600: checking for archiver @FILE support
configure:5617: gcc -c -g -O2  conftest.c >&5
configure:5617: $? = 0
configure:5620: ar cru libconftest.a @conftest.lst >&5
configure:5623: $? = 0
configure:5628: ar cru libconftest.a @conftest.lst >&5
ar: conftest.o: No such file or directory
configure:5631: $? = 1
configure:5643: result: @
configure:5701: checking for strip
configure:5717: found /usr/bin/strip
configure:5728: result: strip
configure:5800: checking for ranlib
configure:5816: found /usr/bin/ranlib
configure:5827: result: ranlib
configure:5929: checking command to parse /usr/bin/nm -B output from gcc object
configure:6049: gcc -c -g -O2  conftest.c >&5
configure:6052: $? = 0
configure:6056: /usr/bin/nm -B conftest.o \| sed -n -e 's/^.*[ ]\([ABCDGIRSTW][ABCDGIRSTW]*\)[ ][ ]*\([_A-Za-z][_A-Za-z0-9]*\)$/\1 \2 \2/p' | sed '/ __gnu_lto/d' \> conftest.nm
configure:6059: $? = 0
configure:6125: gcc -o conftest -g -O2   conftest.c conftstm.o >&5
configure:6128: $? = 0
configure:6166: result: ok
configure:6203: checking for sysroot
configure:6233: result: no
configure:6310: gcc -c -g -O2  conftest.c >&5
configure:6313: $? = 0
configure:6502: checking for mt
configure:6518: found /bin/mt
configure:6529: result: mt
configure:6552: checking if mt is a manifest tool
configure:6558: mt '-?'
configure:6566: result: no
configure:7208: checking how to run the C preprocessor
configure:7239: gcc -E  conftest.c
configure:7239: $? = 0
configure:7253: gcc -E  conftest.c
conftest.c:11:28: fatal error: ac_nonexistent.h: No such file or directory
 #include <ac_nonexistent.h>
                            ^
compilation terminated.
configure:7253: $? = 1
configure: failed program was:
| /* confdefs.h */
| #define PACKAGE_NAME "libltdl"
| #define PACKAGE_TARNAME "libltdl"
| #define PACKAGE_VERSION "2.4.2"
| #define PACKAGE_STRING "libltdl 2.4.2"
| #define PACKAGE_BUGREPORT "bug-libtool@gnu.org"
| #define PACKAGE_URL ""
| #define PACKAGE "libltdl"
| #define VERSION "2.4.2"
| /* end confdefs.h.  */
| #include <ac_nonexistent.h>
configure:7278: result: gcc -E
configure:7298: gcc -E  conftest.c
configure:7298: $? = 0
configure:7312: gcc -E  conftest.c
conftest.c:11:28: fatal error: ac_nonexistent.h: No such file or directory
 #include <ac_nonexistent.h>
                            ^
compilation terminated.
configure:7312: $? = 1
configure: failed program was:
| /* confdefs.h */
| #define PACKAGE_NAME "libltdl"
| #define PACKAGE_TARNAME "libltdl"
| #define PACKAGE_VERSION "2.4.2"
| #define PACKAGE_STRING "libltdl 2.4.2"
| #define PACKAGE_BUGREPORT "bug-libtool@gnu.org"
| #define PACKAGE_URL ""
| #define PACKAGE "libltdl"
| #define VERSION "2.4.2"
| /* end confdefs.h.  */
| #include <ac_nonexistent.h>
configure:7341: checking for ANSI C header files
configure:7361: gcc -c -g -O2  conftest.c >&5
configure:7361: $? = 0
configure:7434: gcc -o conftest -g -O2   conftest.c  >&5
configure:7434: $? = 0
configure:7434: ./conftest
configure:7434: $? = 0
configure:7445: result: yes
configure:7458: checking for sys/types.h
configure:7458: gcc -c -g -O2  conftest.c >&5
configure:7458: $? = 0
configure:7458: result: yes
configure:7458: checking for sys/stat.h
configure:7458: gcc -c -g -O2  conftest.c >&5
configure:7458: $? = 0
configure:7458: result: yes
configure:7458: checking for stdlib.h
configure:7458: gcc -c -g -O2  conftest.c >&5
configure:7458: $? = 0
configure:7458: result: yes
configure:7458: checking for string.h
configure:7458: gcc -c -g -O2  conftest.c >&5
configure:7458: $? = 0
configure:7458: result: yes
configure:7458: checking for memory.h
configure:7458: gcc -c -g -O2  conftest.c >&5
configure:7458: $? = 0
configure:7458: result: yes
configure:7458: checking for strings.h
configure:7458: gcc -c -g -O2  conftest.c >&5
configure:7458: $? = 0
configure:7458: result: yes
configure:7458: checking for inttypes.h
configure:7458: gcc -c -g -O2  conftest.c >&5
configure:7458: $? = 0
configure:7458: result: yes
configure:7458: checking for stdint.h
configure:7458: gcc -c -g -O2  conftest.c >&5
configure:7458: $? = 0
configure:7458: result: yes
configure:7458: checking for unistd.h
configure:7458: gcc -c -g -O2  conftest.c >&5
configure:7458: $? = 0
configure:7458: result: yes
configure:7472: checking for dlfcn.h
configure:7472: gcc -c -g -O2  conftest.c >&5
configure:7472: $? = 0
configure:7472: result: yes
configure:7975: checking for objdir
configure:7990: result: .libs
configure:8261: checking if gcc supports -fno-rtti -fno-exceptions
configure:8279: gcc -c -g -O2  -fno-rtti -fno-exceptions conftest.c >&5
cc1: warning: command line option '-fno-rtti' is valid for C++/ObjC++ but not for C
configure:8283: $? = 0
configure:8296: result: no
configure:8623: checking for gcc option to produce PIC
configure:8630: result: -fPIC -DPIC
configure:8638: checking if gcc PIC flag -fPIC -DPIC works
configure:8656: gcc -c -g -O2  -fPIC -DPIC -DPIC conftest.c >&5
configure:8660: $? = 0
configure:8673: result: yes
configure:8702: checking if gcc static flag -static works
configure:8730: result: yes
configure:8745: checking if gcc supports -c -o file.o
configure:8766: gcc -c -g -O2  -o out/conftest2.o conftest.c >&5
configure:8770: $? = 0
configure:8792: result: yes
configure:8800: checking if gcc supports -c -o file.o
configure:8847: result: yes
configure:8880: checking whether the gcc linker (/usr/bin/ld -m elf_x86_64) supports shared libraries
configure:10037: result: yes
configure:10074: checking whether -lc should be explicitly linked in
configure:10082: gcc -c -g -O2  conftest.c >&5
configure:10085: $? = 0
configure:10100: gcc -shared  -fPIC -DPIC conftest.o  -v -Wl,-soname -Wl,conftest -o conftest 2\>\&1 \| /bin/grep  -lc  \>/dev/null 2\>\&1
configure:10103: $? = 0
configure:10117: result: no
configure:10277: checking dynamic linker characteristics
configure:10777: gcc -o conftest -g -O2   -Wl,-rpath -Wl,/foo conftest.c  >&5
configure:10777: $? = 0
configure:11011: result: GNU/Linux ld.so
configure:11118: checking how to hardcode library paths into programs
configure:11143: result: immediate
configure:11237: checking for shl_load
configure:11237: gcc -o conftest -g -O2   conftest.c  >&5
/tmp/cc7m3pmg.o: In function `main':
/home/mikael/git/bgmodel/nest/module/build-module-150605-2.6.0-nest-2.6.0/libltdl/conftest.c:57: undefined reference to `shl_load'
collect2: error: ld returned 1 exit status
configure:11237: $? = 1
configure: failed program was:
| /* confdefs.h */
| #define PACKAGE_NAME "libltdl"
| #define PACKAGE_TARNAME "libltdl"
| #define PACKAGE_VERSION "2.4.2"
| #define PACKAGE_STRING "libltdl 2.4.2"
| #define PACKAGE_BUGREPORT "bug-libtool@gnu.org"
| #define PACKAGE_URL ""
| #define PACKAGE "libltdl"
| #define VERSION "2.4.2"
| #define STDC_HEADERS 1
| #define HAVE_SYS_TYPES_H 1
| #define HAVE_SYS_STAT_H 1
| #define HAVE_STDLIB_H 1
| #define HAVE_STRING_H 1
| #define HAVE_MEMORY_H 1
| #define HAVE_STRINGS_H 1
| #define HAVE_INTTYPES_H 1
| #define HAVE_STDINT_H 1
| #define HAVE_UNISTD_H 1
| #define HAVE_DLFCN_H 1
| #define LT_OBJDIR ".libs/"
| /* end confdefs.h.  */
| /* Define shl_load to an innocuous variant, in case <limits.h> declares shl_load.
|    For example, HP-UX 11i <limits.h> declares gettimeofday.  */
| #define shl_load innocuous_shl_load
| 
| /* System header to define __stub macros and hopefully few prototypes,
|     which can conflict with char shl_load (); below.
|     Prefer <limits.h> to <assert.h> if __STDC__ is defined, since
|     <limits.h> exists even on freestanding compilers.  */
| 
| #ifdef __STDC__
| # include <limits.h>
| #else
| # include <assert.h>
| #endif
| 
| #undef shl_load
| 
| /* Override any GCC internal prototype to avoid an error.
|    Use char because int might match the return type of a GCC
|    builtin and then its argument prototype would still apply.  */
| #ifdef __cplusplus
| extern "C"
| #endif
| char shl_load ();
| /* The GNU C library defines this for functions which it implements
|     to always fail with ENOSYS.  Some functions are actually named
|     something starting with __ and the normal name is an alias.  */
| #if defined __stub_shl_load || defined __stub___shl_load
| choke me
| #endif
| 
| int
| main ()
| {
| return shl_load ();
|   ;
|   return 0;
| }
configure:11237: result: no
configure:11241: checking for shl_load in -ldld
configure:11266: gcc -o conftest -g -O2   conftest.c -ldld   >&5
/usr/bin/ld: cannot find -ldld
collect2: error: ld returned 1 exit status
configure:11266: $? = 1
configure: failed program was:
| /* confdefs.h */
| #define PACKAGE_NAME "libltdl"
| #define PACKAGE_TARNAME "libltdl"
| #define PACKAGE_VERSION "2.4.2"
| #define PACKAGE_STRING "libltdl 2.4.2"
| #define PACKAGE_BUGREPORT "bug-libtool@gnu.org"
| #define PACKAGE_URL ""
| #define PACKAGE "libltdl"
| #define VERSION "2.4.2"
| #define STDC_HEADERS 1
| #define HAVE_SYS_TYPES_H 1
| #define HAVE_SYS_STAT_H 1
| #define HAVE_STDLIB_H 1
| #define HAVE_STRING_H 1
| #define HAVE_MEMORY_H 1
| #define HAVE_STRINGS_H 1
| #define HAVE_INTTYPES_H 1
| #define HAVE_STDINT_H 1
| #define HAVE_UNISTD_H 1
| #define HAVE_DLFCN_H 1
| #define LT_OBJDIR ".libs/"
| /* end confdefs.h.  */
| 
| /* Override any GCC internal prototype to avoid an error.
|    Use char because int might match the return type of a GCC
|    builtin and then its argument prototype would still apply.  */
| #ifdef __cplusplus
| extern "C"
| #endif
| char shl_load ();
| int
| main ()
| {
| return shl_load ();
|   ;
|   return 0;
| }
configure:11275: result: no
configure:11280: checking for dlopen
configure:11280: gcc -o conftest -g -O2   conftest.c  >&5
/tmp/cc1wEEql.o: In function `main':
/home/mikael/git/bgmodel/nest/module/build-module-150605-2.6.0-nest-2.6.0/libltdl/conftest.c:57: undefined reference to `dlopen'
collect2: error: ld returned 1 exit status
configure:11280: $? = 1
configure: failed program was:
| /* confdefs.h */
| #define PACKAGE_NAME "libltdl"
| #define PACKAGE_TARNAME "libltdl"
| #define PACKAGE_VERSION "2.4.2"
| #define PACKAGE_STRING "libltdl 2.4.2"
| #define PACKAGE_BUGREPORT "bug-libtool@gnu.org"
| #define PACKAGE_URL ""
| #define PACKAGE "libltdl"
| #define VERSION "2.4.2"
| #define STDC_HEADERS 1
| #define HAVE_SYS_TYPES_H 1
| #define HAVE_SYS_STAT_H 1
| #define HAVE_STDLIB_H 1
| #define HAVE_STRING_H 1
| #define HAVE_MEMORY_H 1
| #define HAVE_STRINGS_H 1
| #define HAVE_INTTYPES_H 1
| #define HAVE_STDINT_H 1
| #define HAVE_UNISTD_H 1
| #define HAVE_DLFCN_H 1
| #define LT_OBJDIR ".libs/"
| /* end confdefs.h.  */
| /* Define dlopen to an innocuous variant, in case <limits.h> declares dlopen.
|    For example, HP-UX 11i <limits.h> declares gettimeofday.  */
| #define dlopen innocuous_dlopen
| 
| /* System header to define __stub macros and hopefully few prototypes,
|     which can conflict with char dlopen (); below.
|     Prefer <limits.h> to <assert.h> if __STDC__ is defined, since
|     <limits.h> exists even on freestanding compilers.  */
| 
| #ifdef __STDC__
| # include <limits.h>
| #else
| # include <assert.h>
| #endif
| 
| #undef dlopen
| 
| /* Override any GCC internal prototype to avoid an error.
|    Use char because int might match the return type of a GCC
|    builtin and then its argument prototype would still apply.  */
| #ifdef __cplusplus
| extern "C"
| #endif
| char dlopen ();
| /* The GNU C library defines this for functions which it implements
|     to always fail with ENOSYS.  Some functions are actually named
|     something starting with __ and the normal name is an alias.  */
| #if defined __stub_dlopen || defined __stub___dlopen
| choke me
| #endif
| 
| int
| main ()
| {
| return dlopen ();
|   ;
|   return 0;
| }
configure:11280: result: no
configure:11284: checking for dlopen in -ldl
configure:11309: gcc -o conftest -g -O2   conftest.c -ldl   >&5
configure:11309: $? = 0
configure:11318: result: yes
configure:11437: checking whether a program can dlopen itself
configure:11517: gcc -o conftest -g -O2  -DHAVE_DLFCN_H  -Wl,--export-dynamic conftest.c -ldl  >&5
configure:11520: $? = 0
configure:11538: result: yes
configure:11543: checking whether a statically linked program can dlopen itself
configure:11623: gcc -o conftest -g -O2  -DHAVE_DLFCN_H  -Wl,--export-dynamic -static conftest.c -ldl  >&5
/tmp/ccaOVeGs.o: In function `main':
/home/mikael/git/bgmodel/nest/module/build-module-150605-2.6.0-nest-2.6.0/libltdl/configure:11602: warning: Using 'dlopen' in statically linked applications requires at runtime the shared libraries from the glibc version used for linking
/usr/bin/ld: dynamic STT_GNU_IFUNC symbol `strcmp' with pointer equality in `/usr/lib/gcc/x86_64-linux-gnu/4.9/../../../x86_64-linux-gnu/libc.a(strcmp.o)' can not be used when making an executable; recompile with -fPIE and relink with -pie
collect2: error: ld returned 1 exit status
configure:11626: $? = 1
configure:11644: result: no
configure:11683: checking whether stripping libraries is possible
configure:11688: result: yes
configure:11723: checking if libtool supports shared libraries
configure:11725: result: yes
configure:11728: checking whether to build shared libraries
configure:11749: result: yes
configure:11752: checking whether to build static libraries
configure:11756: result: yes
configure:11793: checking which extension is used for runtime loadable modules
configure:11805: result: .so
configure:11822: checking which variable specifies run-time module search path
configure:11829: result: LD_LIBRARY_PATH
configure:11839: checking for the default library search path
configure:11846: result: /lib /usr/lib /usr/lib/x86_64-linux-gnu/libfakeroot /lib/i386-linux-gnu /usr/lib/i386-linux-gnu /lib/i586-linux-gnu /usr/lib/i586-linux-gnu /usr/local/lib /lib/x86_64-linux-gnu /usr/lib/x86_64-linux-gnu 
configure:11876: checking for library containing dlopen
configure:11907: gcc -o conftest -g -O2   conftest.c  >&5
/tmp/ccWtQfXy.o: In function `main':
/home/mikael/git/bgmodel/nest/module/build-module-150605-2.6.0-nest-2.6.0/libltdl/conftest.c:37: undefined reference to `dlopen'
collect2: error: ld returned 1 exit status
configure:11907: $? = 1
configure: failed program was:
| /* confdefs.h */
| #define PACKAGE_NAME "libltdl"
| #define PACKAGE_TARNAME "libltdl"
| #define PACKAGE_VERSION "2.4.2"
| #define PACKAGE_STRING "libltdl 2.4.2"
| #define PACKAGE_BUGREPORT "bug-libtool@gnu.org"
| #define PACKAGE_URL ""
| #define PACKAGE "libltdl"
| #define VERSION "2.4.2"
| #define STDC_HEADERS 1
| #define HAVE_SYS_TYPES_H 1
| #define HAVE_SYS_STAT_H 1
| #define HAVE_STDLIB_H 1
| #define HAVE_STRING_H 1
| #define HAVE_MEMORY_H 1
| #define HAVE_STRINGS_H 1
| #define HAVE_INTTYPES_H 1
| #define HAVE_STDINT_H 1
| #define HAVE_UNISTD_H 1
| #define HAVE_DLFCN_H 1
| #define LT_OBJDIR ".libs/"
| #define LT_MODULE_EXT ".so"
| #define LT_MODULE_PATH_VAR "LD_LIBRARY_PATH"
| #define LT_DLSEARCH_PATH "/lib:/usr/lib:/usr/lib/x86_64-linux-gnu/libfakeroot:/lib/i386-linux-gnu:/usr/lib/i386-linux-gnu:/lib/i586-linux-gnu:/usr/lib/i586-linux-gnu:/usr/local/lib:/lib/x86_64-linux-gnu:/usr/lib/x86_64-linux-gnu"
| /* end confdefs.h.  */
| 
| /* Override any GCC internal prototype to avoid an error.
|    Use char because int might match the return type of a GCC
|    builtin and then its argument prototype would still apply.  */
| #ifdef __cplusplus
| extern "C"
| #endif
| char dlopen ();
| int
| main ()
| {
| return dlopen ();
|   ;
|   return 0;
| }
configure:11907: gcc -o conftest -g -O2   conftest.c -ldl   >&5
configure:11907: $? = 0
configure:11924: result: -ldl
configure:12014: checking for dlerror
configure:12014: gcc -o conftest -g -O2   conftest.c -ldl  -ldl >&5
configure:12014: $? = 0
configure:12014: result: yes
configure:12028: checking for shl_load
configure:12028: result: no
configure:12035: checking for shl_load in -ldld
configure:12069: result: no
configure:12115: checking for dld_link in -ldld
configure:12140: gcc -o conftest -g -O2   conftest.c -ldld  -ldl  >&5
/usr/bin/ld: cannot find -ldld
collect2: error: ld returned 1 exit status
configure:12140: $? = 1
configure: failed program was:
| /* confdefs.h */
| #define PACKAGE_NAME "libltdl"
| #define PACKAGE_TARNAME "libltdl"
| #define PACKAGE_VERSION "2.4.2"
| #define PACKAGE_STRING "libltdl 2.4.2"
| #define PACKAGE_BUGREPORT "bug-libtool@gnu.org"
| #define PACKAGE_URL ""
| #define PACKAGE "libltdl"
| #define VERSION "2.4.2"
| #define STDC_HEADERS 1
| #define HAVE_SYS_TYPES_H 1
| #define HAVE_SYS_STAT_H 1
| #define HAVE_STDLIB_H 1
| #define HAVE_STRING_H 1
| #define HAVE_MEMORY_H 1
| #define HAVE_STRINGS_H 1
| #define HAVE_INTTYPES_H 1
| #define HAVE_STDINT_H 1
| #define HAVE_UNISTD_H 1
| #define HAVE_DLFCN_H 1
| #define LT_OBJDIR ".libs/"
| #define LT_MODULE_EXT ".so"
| #define LT_MODULE_PATH_VAR "LD_LIBRARY_PATH"
| #define LT_DLSEARCH_PATH "/lib:/usr/lib:/usr/lib/x86_64-linux-gnu/libfakeroot:/lib/i386-linux-gnu:/usr/lib/i386-linux-gnu:/lib/i586-linux-gnu:/usr/lib/i586-linux-gnu:/usr/local/lib:/lib/x86_64-linux-gnu:/usr/lib/x86_64-linux-gnu"
| #define HAVE_LIBDL 1
| #define HAVE_DLERROR 1
| /* end confdefs.h.  */
| 
| /* Override any GCC internal prototype to avoid an error.
|    Use char because int might match the return type of a GCC
|    builtin and then its argument prototype would still apply.  */
| #ifdef __cplusplus
| extern "C"
| #endif
| char dld_link ();
| int
| main ()
| {
| return dld_link ();
|   ;
|   return 0;
| }
configure:12149: result: no
configure:12183: checking for _ prefix in compiled symbols
configure:12193: gcc -c -g -O2  conftest.c >&5
configure:12196: $? = 0
configure:12200: /usr/bin/nm -B conftest.o \| sed -n -e 's/^.*[	 ]\([ABCDGIRSTW][ABCDGIRSTW]*\)[	 ][	 ]*\([_A-Za-z][_A-Za-z0-9]*\)$/\1 \2 \2/p' | sed '/ __gnu_lto/d' \> conftest.nm
configure:12203: $? = 0
configure:12225: result: no
configure:12349: checking whether deplibs are loaded by dlopen
configure:12443: result: yes
configure:12455: checking for argz.h
configure:12455: gcc -c -g -O2  conftest.c >&5
configure:12455: $? = 0
configure:12455: result: yes
configure:12467: checking for error_t
configure:12467: gcc -c -g -O2  conftest.c >&5
configure:12467: $? = 0
configure:12467: gcc -c -g -O2  conftest.c >&5
conftest.c: In function 'main':
conftest.c:37:22: error: expected expression before ')' token
 if (sizeof ((error_t)))
                      ^
configure:12467: $? = 1
configure: failed program was:
| /* confdefs.h */
| #define PACKAGE_NAME "libltdl"
| #define PACKAGE_TARNAME "libltdl"
| #define PACKAGE_VERSION "2.4.2"
| #define PACKAGE_STRING "libltdl 2.4.2"
| #define PACKAGE_BUGREPORT "bug-libtool@gnu.org"
| #define PACKAGE_URL ""
| #define PACKAGE "libltdl"
| #define VERSION "2.4.2"
| #define STDC_HEADERS 1
| #define HAVE_SYS_TYPES_H 1
| #define HAVE_SYS_STAT_H 1
| #define HAVE_STDLIB_H 1
| #define HAVE_STRING_H 1
| #define HAVE_MEMORY_H 1
| #define HAVE_STRINGS_H 1
| #define HAVE_INTTYPES_H 1
| #define HAVE_STDINT_H 1
| #define HAVE_UNISTD_H 1
| #define HAVE_DLFCN_H 1
| #define LT_OBJDIR ".libs/"
| #define LT_MODULE_EXT ".so"
| #define LT_MODULE_PATH_VAR "LD_LIBRARY_PATH"
| #define LT_DLSEARCH_PATH "/lib:/usr/lib:/usr/lib/x86_64-linux-gnu/libfakeroot:/lib/i386-linux-gnu:/usr/lib/i386-linux-gnu:/lib/i586-linux-gnu:/usr/lib/i586-linux-gnu:/usr/local/lib:/lib/x86_64-linux-gnu:/usr/lib/x86_64-linux-gnu"
| #define HAVE_LIBDL 1
| #define HAVE_DLERROR 1
| #define HAVE_LIBDLLOADER 1
| #define HAVE_ARGZ_H 1
| /* end confdefs.h.  */
| #if defined(HAVE_ARGZ_H)
| #  include <argz.h>
| #endif
| 
| int
| main ()
| {
| if (sizeof ((error_t)))
| 	    return 0;
|   ;
|   return 0;
| }
configure:12467: result: yes
configure:12493: checking for argz_add
configure:12493: gcc -o conftest -g -O2   conftest.c -ldl  >&5
configure:12493: $? = 0
configure:12493: result: yes
configure:12493: checking for argz_append
configure:12493: gcc -o conftest -g -O2   conftest.c -ldl  >&5
configure:12493: $? = 0
configure:12493: result: yes
configure:12493: checking for argz_count
configure:12493: gcc -o conftest -g -O2   conftest.c -ldl  >&5
configure:12493: $? = 0
configure:12493: result: yes
configure:12493: checking for argz_create_sep
configure:12493: gcc -o conftest -g -O2   conftest.c -ldl  >&5
configure:12493: $? = 0
configure:12493: result: yes
configure:12493: checking for argz_insert
configure:12493: gcc -o conftest -g -O2   conftest.c -ldl  >&5
configure:12493: $? = 0
configure:12493: result: yes
configure:12493: checking for argz_next
configure:12493: gcc -o conftest -g -O2   conftest.c -ldl  >&5
configure:12493: $? = 0
configure:12493: result: yes
configure:12493: checking for argz_stringify
configure:12493: gcc -o conftest -g -O2   conftest.c -ldl  >&5
configure:12493: $? = 0
configure:12493: result: yes
configure:12511: checking if argz actually works
configure:12542: result: yes
configure:12561: checking whether libtool supports -dlopen/-dlpreopen
configure:12573: result: yes
configure:12626: checking for unistd.h
configure:12626: result: yes
configure:12626: checking for dl.h
configure:12626: gcc -c -g -O2  conftest.c >&5
conftest.c:75:16: fatal error: dl.h: No such file or directory
 #include <dl.h>
                ^
compilation terminated.
configure:12626: $? = 1
configure: failed program was:
| /* confdefs.h */
| #define PACKAGE_NAME "libltdl"
| #define PACKAGE_TARNAME "libltdl"
| #define PACKAGE_VERSION "2.4.2"
| #define PACKAGE_STRING "libltdl 2.4.2"
| #define PACKAGE_BUGREPORT "bug-libtool@gnu.org"
| #define PACKAGE_URL ""
| #define PACKAGE "libltdl"
| #define VERSION "2.4.2"
| #define STDC_HEADERS 1
| #define HAVE_SYS_TYPES_H 1
| #define HAVE_SYS_STAT_H 1
| #define HAVE_STDLIB_H 1
| #define HAVE_STRING_H 1
| #define HAVE_MEMORY_H 1
| #define HAVE_STRINGS_H 1
| #define HAVE_INTTYPES_H 1
| #define HAVE_STDINT_H 1
| #define HAVE_UNISTD_H 1
| #define HAVE_DLFCN_H 1
| #define LT_OBJDIR ".libs/"
| #define LT_MODULE_EXT ".so"
| #define LT_MODULE_PATH_VAR "LD_LIBRARY_PATH"
| #define LT_DLSEARCH_PATH "/lib:/usr/lib:/usr/lib/x86_64-linux-gnu/libfakeroot:/lib/i386-linux-gnu:/usr/lib/i386-linux-gnu:/lib/i586-linux-gnu:/usr/lib/i586-linux-gnu:/usr/local/lib:/lib/x86_64-linux-gnu:/usr/lib/x86_64-linux-gnu"
| #define HAVE_LIBDL 1
| #define HAVE_DLERROR 1
| #define HAVE_LIBDLLOADER 1
| #define HAVE_ARGZ_H 1
| #define HAVE_ERROR_T 1
| #define HAVE_ARGZ_ADD 1
| #define HAVE_ARGZ_APPEND 1
| #define HAVE_ARGZ_COUNT 1
| #define HAVE_ARGZ_CREATE_SEP 1
| #define HAVE_ARGZ_INSERT 1
| #define HAVE_ARGZ_NEXT 1
| #define HAVE_ARGZ_STRINGIFY 1
| #define HAVE_WORKING_ARGZ 1
| #define HAVE_PRELOADED_SYMBOLS 1
| #define HAVE_UNISTD_H 1
| /* end confdefs.h.  */
| #include <stdio.h>
| #ifdef HAVE_SYS_TYPES_H
| # include <sys/types.h>
| #endif
| #ifdef HAVE_SYS_STAT_H
| # include <sys/stat.h>
| #endif
| #ifdef STDC_HEADERS
| # include <stdlib.h>
| # include <stddef.h>
| #else
| # ifdef HAVE_STDLIB_H
| #  include <stdlib.h>
| # endif
| #endif
| #ifdef HAVE_STRING_H
| # if !defined STDC_HEADERS && defined HAVE_MEMORY_H
| #  include <memory.h>
| # endif
| # include <string.h>
| #endif
| #ifdef HAVE_STRINGS_H
| # include <strings.h>
| #endif
| #ifdef HAVE_INTTYPES_H
| # include <inttypes.h>
| #endif
| #ifdef HAVE_STDINT_H
| # include <stdint.h>
| #endif
| #ifdef HAVE_UNISTD_H
| # include <unistd.h>
| #endif
| 
| #include <dl.h>
configure:12626: result: no
configure:12626: checking for sys/dl.h
configure:12626: gcc -c -g -O2  conftest.c >&5
conftest.c:75:20: fatal error: sys/dl.h: No such file or directory
 #include <sys/dl.h>
                    ^
compilation terminated.
configure:12626: $? = 1
configure: failed program was:
| /* confdefs.h */
| #define PACKAGE_NAME "libltdl"
| #define PACKAGE_TARNAME "libltdl"
| #define PACKAGE_VERSION "2.4.2"
| #define PACKAGE_STRING "libltdl 2.4.2"
| #define PACKAGE_BUGREPORT "bug-libtool@gnu.org"
| #define PACKAGE_URL ""
| #define PACKAGE "libltdl"
| #define VERSION "2.4.2"
| #define STDC_HEADERS 1
| #define HAVE_SYS_TYPES_H 1
| #define HAVE_SYS_STAT_H 1
| #define HAVE_STDLIB_H 1
| #define HAVE_STRING_H 1
| #define HAVE_MEMORY_H 1
| #define HAVE_STRINGS_H 1
| #define HAVE_INTTYPES_H 1
| #define HAVE_STDINT_H 1
| #define HAVE_UNISTD_H 1
| #define HAVE_DLFCN_H 1
| #define LT_OBJDIR ".libs/"
| #define LT_MODULE_EXT ".so"
| #define LT_MODULE_PATH_VAR "LD_LIBRARY_PATH"
| #define LT_DLSEARCH_PATH "/lib:/usr/lib:/usr/lib/x86_64-linux-gnu/libfakeroot:/lib/i386-linux-gnu:/usr/lib/i386-linux-gnu:/lib/i586-linux-gnu:/usr/lib/i586-linux-gnu:/usr/local/lib:/lib/x86_64-linux-gnu:/usr/lib/x86_64-linux-gnu"
| #define HAVE_LIBDL 1
| #define HAVE_DLERROR 1
| #define HAVE_LIBDLLOADER 1
| #define HAVE_ARGZ_H 1
| #define HAVE_ERROR_T 1
| #define HAVE_ARGZ_ADD 1
| #define HAVE_ARGZ_APPEND 1
| #define HAVE_ARGZ_COUNT 1
| #define HAVE_ARGZ_CREATE_SEP 1
| #define HAVE_ARGZ_INSERT 1
| #define HAVE_ARGZ_NEXT 1
| #define HAVE_ARGZ_STRINGIFY 1
| #define HAVE_WORKING_ARGZ 1
| #define HAVE_PRELOADED_SYMBOLS 1
| #define HAVE_UNISTD_H 1
| /* end confdefs.h.  */
| #include <stdio.h>
| #ifdef HAVE_SYS_TYPES_H
| # include <sys/types.h>
| #endif
| #ifdef HAVE_SYS_STAT_H
| # include <sys/stat.h>
| #endif
| #ifdef STDC_HEADERS
| # include <stdlib.h>
| # include <stddef.h>
| #else
| # ifdef HAVE_STDLIB_H
| #  include <stdlib.h>
| # endif
| #endif
| #ifdef HAVE_STRING_H
| # if !defined STDC_HEADERS && defined HAVE_MEMORY_H
| #  include <memory.h>
| # endif
| # include <string.h>
| #endif
| #ifdef HAVE_STRINGS_H
| # include <strings.h>
| #endif
| #ifdef HAVE_INTTYPES_H
| # include <inttypes.h>
| #endif
| #ifdef HAVE_STDINT_H
| # include <stdint.h>
| #endif
| #ifdef HAVE_UNISTD_H
| # include <unistd.h>
| #endif
| 
| #include <sys/dl.h>
configure:12626: result: no
configure:12626: checking for dld.h
configure:12626: gcc -c -g -O2  conftest.c >&5
conftest.c:75:17: fatal error: dld.h: No such file or directory
 #include <dld.h>
                 ^
compilation terminated.
configure:12626: $? = 1
configure: failed program was:
| /* confdefs.h */
| #define PACKAGE_NAME "libltdl"
| #define PACKAGE_TARNAME "libltdl"
| #define PACKAGE_VERSION "2.4.2"
| #define PACKAGE_STRING "libltdl 2.4.2"
| #define PACKAGE_BUGREPORT "bug-libtool@gnu.org"
| #define PACKAGE_URL ""
| #define PACKAGE "libltdl"
| #define VERSION "2.4.2"
| #define STDC_HEADERS 1
| #define HAVE_SYS_TYPES_H 1
| #define HAVE_SYS_STAT_H 1
| #define HAVE_STDLIB_H 1
| #define HAVE_STRING_H 1
| #define HAVE_MEMORY_H 1
| #define HAVE_STRINGS_H 1
| #define HAVE_INTTYPES_H 1
| #define HAVE_STDINT_H 1
| #define HAVE_UNISTD_H 1
| #define HAVE_DLFCN_H 1
| #define LT_OBJDIR ".libs/"
| #define LT_MODULE_EXT ".so"
| #define LT_MODULE_PATH_VAR "LD_LIBRARY_PATH"
| #define LT_DLSEARCH_PATH "/lib:/usr/lib:/usr/lib/x86_64-linux-gnu/libfakeroot:/lib/i386-linux-gnu:/usr/lib/i386-linux-gnu:/lib/i586-linux-gnu:/usr/lib/i586-linux-gnu:/usr/local/lib:/lib/x86_64-linux-gnu:/usr/lib/x86_64-linux-gnu"
| #define HAVE_LIBDL 1
| #define HAVE_DLERROR 1
| #define HAVE_LIBDLLOADER 1
| #define HAVE_ARGZ_H 1
| #define HAVE_ERROR_T 1
| #define HAVE_ARGZ_ADD 1
| #define HAVE_ARGZ_APPEND 1
| #define HAVE_ARGZ_COUNT 1
| #define HAVE_ARGZ_CREATE_SEP 1
| #define HAVE_ARGZ_INSERT 1
| #define HAVE_ARGZ_NEXT 1
| #define HAVE_ARGZ_STRINGIFY 1
| #define HAVE_WORKING_ARGZ 1
| #define HAVE_PRELOADED_SYMBOLS 1
| #define HAVE_UNISTD_H 1
| /* end confdefs.h.  */
| #include <stdio.h>
| #ifdef HAVE_SYS_TYPES_H
| # include <sys/types.h>
| #endif
| #ifdef HAVE_SYS_STAT_H
| # include <sys/stat.h>
| #endif
| #ifdef STDC_HEADERS
| # include <stdlib.h>
| # include <stddef.h>
| #else
| # ifdef HAVE_STDLIB_H
| #  include <stdlib.h>
| # endif
| #endif
| #ifdef HAVE_STRING_H
| # if !defined STDC_HEADERS && defined HAVE_MEMORY_H
| #  include <memory.h>
| # endif
| # include <string.h>
| #endif
| #ifdef HAVE_STRINGS_H
| # include <strings.h>
| #endif
| #ifdef HAVE_INTTYPES_H
| # include <inttypes.h>
| #endif
| #ifdef HAVE_STDINT_H
| # include <stdint.h>
| #endif
| #ifdef HAVE_UNISTD_H
| # include <unistd.h>
| #endif
| 
| #include <dld.h>
configure:12626: result: no
configure:12626: checking for mach-o/dyld.h
configure:12626: gcc -c -g -O2  conftest.c >&5
conftest.c:75:25: fatal error: mach-o/dyld.h: No such file or directory
 #include <mach-o/dyld.h>
                         ^
compilation terminated.
configure:12626: $? = 1
configure: failed program was:
| /* confdefs.h */
| #define PACKAGE_NAME "libltdl"
| #define PACKAGE_TARNAME "libltdl"
| #define PACKAGE_VERSION "2.4.2"
| #define PACKAGE_STRING "libltdl 2.4.2"
| #define PACKAGE_BUGREPORT "bug-libtool@gnu.org"
| #define PACKAGE_URL ""
| #define PACKAGE "libltdl"
| #define VERSION "2.4.2"
| #define STDC_HEADERS 1
| #define HAVE_SYS_TYPES_H 1
| #define HAVE_SYS_STAT_H 1
| #define HAVE_STDLIB_H 1
| #define HAVE_STRING_H 1
| #define HAVE_MEMORY_H 1
| #define HAVE_STRINGS_H 1
| #define HAVE_INTTYPES_H 1
| #define HAVE_STDINT_H 1
| #define HAVE_UNISTD_H 1
| #define HAVE_DLFCN_H 1
| #define LT_OBJDIR ".libs/"
| #define LT_MODULE_EXT ".so"
| #define LT_MODULE_PATH_VAR "LD_LIBRARY_PATH"
| #define LT_DLSEARCH_PATH "/lib:/usr/lib:/usr/lib/x86_64-linux-gnu/libfakeroot:/lib/i386-linux-gnu:/usr/lib/i386-linux-gnu:/lib/i586-linux-gnu:/usr/lib/i586-linux-gnu:/usr/local/lib:/lib/x86_64-linux-gnu:/usr/lib/x86_64-linux-gnu"
| #define HAVE_LIBDL 1
| #define HAVE_DLERROR 1
| #define HAVE_LIBDLLOADER 1
| #define HAVE_ARGZ_H 1
| #define HAVE_ERROR_T 1
| #define HAVE_ARGZ_ADD 1
| #define HAVE_ARGZ_APPEND 1
| #define HAVE_ARGZ_COUNT 1
| #define HAVE_ARGZ_CREATE_SEP 1
| #define HAVE_ARGZ_INSERT 1
| #define HAVE_ARGZ_NEXT 1
| #define HAVE_ARGZ_STRINGIFY 1
| #define HAVE_WORKING_ARGZ 1
| #define HAVE_PRELOADED_SYMBOLS 1
| #define HAVE_UNISTD_H 1
| /* end confdefs.h.  */
| #include <stdio.h>
| #ifdef HAVE_SYS_TYPES_H
| # include <sys/types.h>
| #endif
| #ifdef HAVE_SYS_STAT_H
| # include <sys/stat.h>
| #endif
| #ifdef STDC_HEADERS
| # include <stdlib.h>
| # include <stddef.h>
| #else
| # ifdef HAVE_STDLIB_H
| #  include <stdlib.h>
| # endif
| #endif
| #ifdef HAVE_STRING_H
| # if !defined STDC_HEADERS && defined HAVE_MEMORY_H
| #  include <memory.h>
| # endif
| # include <string.h>
| #endif
| #ifdef HAVE_STRINGS_H
| # include <strings.h>
| #endif
| #ifdef HAVE_INTTYPES_H
| # include <inttypes.h>
| #endif
| #ifdef HAVE_STDINT_H
| # include <stdint.h>
| #endif
| #ifdef HAVE_UNISTD_H
| # include <unistd.h>
| #endif
| 
| #include <mach-o/dyld.h>
configure:12626: result: no
configure:12626: checking for dirent.h
configure:12626: gcc -c -g -O2  conftest.c >&5
configure:12626: $? = 0
configure:12626: result: yes
configure:12641: checking for closedir
configure:12641: gcc -o conftest -g -O2   conftest.c -ldl  >&5
configure:12641: $? = 0
configure:12641: result: yes
configure:12641: checking for opendir
configure:12641: gcc -o conftest -g -O2   conftest.c -ldl  >&5
configure:12641: $? = 0
configure:12641: result: yes
configure:12641: checking for readdir
configure:12641: gcc -o conftest -g -O2   conftest.c -ldl  >&5
configure:12641: $? = 0
configure:12641: result: yes
configure:12660: checking for strlcat
configure:12660: gcc -o conftest -g -O2   conftest.c -ldl  >&5
/tmp/ccOE8LND.o: In function `main':
/home/mikael/git/bgmodel/nest/module/build-module-150605-2.6.0-nest-2.6.0/libltdl/conftest.c:79: undefined reference to `strlcat'
collect2: error: ld returned 1 exit status
configure:12660: $? = 1
configure: failed program was:
| /* confdefs.h */
| #define PACKAGE_NAME "libltdl"
| #define PACKAGE_TARNAME "libltdl"
| #define PACKAGE_VERSION "2.4.2"
| #define PACKAGE_STRING "libltdl 2.4.2"
| #define PACKAGE_BUGREPORT "bug-libtool@gnu.org"
| #define PACKAGE_URL ""
| #define PACKAGE "libltdl"
| #define VERSION "2.4.2"
| #define STDC_HEADERS 1
| #define HAVE_SYS_TYPES_H 1
| #define HAVE_SYS_STAT_H 1
| #define HAVE_STDLIB_H 1
| #define HAVE_STRING_H 1
| #define HAVE_MEMORY_H 1
| #define HAVE_STRINGS_H 1
| #define HAVE_INTTYPES_H 1
| #define HAVE_STDINT_H 1
| #define HAVE_UNISTD_H 1
| #define HAVE_DLFCN_H 1
| #define LT_OBJDIR ".libs/"
| #define LT_MODULE_EXT ".so"
| #define LT_MODULE_PATH_VAR "LD_LIBRARY_PATH"
| #define LT_DLSEARCH_PATH "/lib:/usr/lib:/usr/lib/x86_64-linux-gnu/libfakeroot:/lib/i386-linux-gnu:/usr/lib/i386-linux-gnu:/lib/i586-linux-gnu:/usr/lib/i586-linux-gnu:/usr/local/lib:/lib/x86_64-linux-gnu:/usr/lib/x86_64-linux-gnu"
| #define HAVE_LIBDL 1
| #define HAVE_DLERROR 1
| #define HAVE_LIBDLLOADER 1
| #define HAVE_ARGZ_H 1
| #define HAVE_ERROR_T 1
| #define HAVE_ARGZ_ADD 1
| #define HAVE_ARGZ_APPEND 1
| #define HAVE_ARGZ_COUNT 1
| #define HAVE_ARGZ_CREATE_SEP 1
| #define HAVE_ARGZ_INSERT 1
| #define HAVE_ARGZ_NEXT 1
| #define HAVE_ARGZ_STRINGIFY 1
| #define HAVE_WORKING_ARGZ 1
| #define HAVE_PRELOADED_SYMBOLS 1
| #define HAVE_UNISTD_H 1
| #define HAVE_DIRENT_H 1
| #define HAVE_CLOSEDIR 1
| #define HAVE_OPENDIR 1
| #define HAVE_READDIR 1
| /* end confdefs.h.  */
| /* Define strlcat to an innocuous variant, in case <limits.h> declares strlcat.
|    For example, HP-UX 11i <limits.h> declares gettimeofday.  */
| #define strlcat innocuous_strlcat
| 
| /* System header to define __stub macros and hopefully few prototypes,
|     which can conflict with char strlcat (); below.
|     Prefer <limits.h> to <assert.h> if __STDC__ is defined, since
|     <limits.h> exists even on freestanding compilers.  */
| 
| #ifdef __STDC__
| # include <limits.h>
| #else
| # include <assert.h>
| #endif
| 
| #undef strlcat
| 
| /* Override any GCC internal prototype to avoid an error.
|    Use char because int might match the return type of a GCC
|    builtin and then its argument prototype would still apply.  */
| #ifdef __cplusplus
| extern "C"
| #endif
| char strlcat ();
| /* The GNU C library defines this for functions which it implements
|     to always fail with ENOSYS.  Some functions are actually named
|     something starting with __ and the normal name is an alias.  */
| #if defined __stub_strlcat || defined __stub___strlcat
| choke me
| #endif
| 
| int
| main ()
| {
| return strlcat ();
|   ;
|   return 0;
| }
configure:12660: result: no
configure:12660: checking for strlcpy
configure:12660: gcc -o conftest -g -O2   conftest.c -ldl  >&5
/tmp/ccofHFyE.o: In function `main':
/home/mikael/git/bgmodel/nest/module/build-module-150605-2.6.0-nest-2.6.0/libltdl/conftest.c:79: undefined reference to `strlcpy'
collect2: error: ld returned 1 exit status
configure:12660: $? = 1
configure: failed program was:
| /* confdefs.h */
| #define PACKAGE_NAME "libltdl"
| #define PACKAGE_TARNAME "libltdl"
| #define PACKAGE_VERSION "2.4.2"
| #define PACKAGE_STRING "libltdl 2.4.2"
| #define PACKAGE_BUGREPORT "bug-libtool@gnu.org"
| #define PACKAGE_URL ""
| #define PACKAGE "libltdl"
| #define VERSION "2.4.2"
| #define STDC_HEADERS 1
| #define HAVE_SYS_TYPES_H 1
| #define HAVE_SYS_STAT_H 1
| #define HAVE_STDLIB_H 1
| #define HAVE_STRING_H 1
| #define HAVE_MEMORY_H 1
| #define HAVE_STRINGS_H 1
| #define HAVE_INTTYPES_H 1
| #define HAVE_STDINT_H 1
| #define HAVE_UNISTD_H 1
| #define HAVE_DLFCN_H 1
| #define LT_OBJDIR ".libs/"
| #define LT_MODULE_EXT ".so"
| #define LT_MODULE_PATH_VAR "LD_LIBRARY_PATH"
| #define LT_DLSEARCH_PATH "/lib:/usr/lib:/usr/lib/x86_64-linux-gnu/libfakeroot:/lib/i386-linux-gnu:/usr/lib/i386-linux-gnu:/lib/i586-linux-gnu:/usr/lib/i586-linux-gnu:/usr/local/lib:/lib/x86_64-linux-gnu:/usr/lib/x86_64-linux-gnu"
| #define HAVE_LIBDL 1
| #define HAVE_DLERROR 1
| #define HAVE_LIBDLLOADER 1
| #define HAVE_ARGZ_H 1
| #define HAVE_ERROR_T 1
| #define HAVE_ARGZ_ADD 1
| #define HAVE_ARGZ_APPEND 1
| #define HAVE_ARGZ_COUNT 1
| #define HAVE_ARGZ_CREATE_SEP 1
| #define HAVE_ARGZ_INSERT 1
| #define HAVE_ARGZ_NEXT 1
| #define HAVE_ARGZ_STRINGIFY 1
| #define HAVE_WORKING_ARGZ 1
| #define HAVE_PRELOADED_SYMBOLS 1
| #define HAVE_UNISTD_H 1
| #define HAVE_DIRENT_H 1
| #define HAVE_CLOSEDIR 1
| #define HAVE_OPENDIR 1
| #define HAVE_READDIR 1
| /* end confdefs.h.  */
| /* Define strlcpy to an innocuous variant, in case <limits.h> declares strlcpy.
|    For example, HP-UX 11i <limits.h> declares gettimeofday.  */
| #define strlcpy innocuous_strlcpy
| 
| /* System header to define __stub macros and hopefully few prototypes,
|     which can conflict with char strlcpy (); below.
|     Prefer <limits.h> to <assert.h> if __STDC__ is defined, since
|     <limits.h> exists even on freestanding compilers.  */
| 
| #ifdef __STDC__
| # include <limits.h>
| #else
| # include <assert.h>
| #endif
| 
| #undef strlcpy
| 
| /* Override any GCC internal prototype to avoid an error.
|    Use char because int might match the return type of a GCC
|    builtin and then its argument prototype would still apply.  */
| #ifdef __cplusplus
| extern "C"
| #endif
| char strlcpy ();
| /* The GNU C library defines this for functions which it implements
|     to always fail with ENOSYS.  Some functions are actually named
|     something starting with __ and the normal name is an alias.  */
| #if defined __stub_strlcpy || defined __stub___strlcpy
| choke me
| #endif
| 
| int
| main ()
| {
| return strlcpy ();
|   ;
|   return 0;
| }
configure:12660: result: no
configure:12811: checking that generated files are newer than configure
configure:12817: result: done
configure:12849: creating ./config.status

## ---------------------- ##
## Running config.status. ##
## ---------------------- ##

This file was extended by libltdl config.status 2.4.2, which was
generated by GNU Autoconf 2.69.  Invocation command line was

  CONFIG_FILES    = 
  CONFIG_HEADERS  = 
  CONFIG_LINKS    = 
  CONFIG_COMMANDS = 
  $ ./config.status 

on thalamus

config.status:1121: creating Makefile
config.status:1121: creating config.h
config.status:1335: executing depfiles commands
config.status:1335: executing libtool commands

## ---------------- ##
## Cache variables. ##
## ---------------- ##

ac_cv_build=x86_64-unknown-linux-gnu
ac_cv_c_compiler_gnu=yes
ac_cv_env_CC_set=
ac_cv_env_CC_value=
ac_cv_env_CFLAGS_set=
ac_cv_env_CFLAGS_value=
ac_cv_env_CPPFLAGS_set=
ac_cv_env_CPPFLAGS_value=
ac_cv_env_CPP_set=
ac_cv_env_CPP_value=
ac_cv_env_LDFLAGS_set=
ac_cv_env_LDFLAGS_value=
ac_cv_env_LIBS_set=
ac_cv_env_LIBS_value=
ac_cv_env_build_alias_set=
ac_cv_env_build_alias_value=
ac_cv_env_host_alias_set=
ac_cv_env_host_alias_value=
ac_cv_env_target_alias_set=
ac_cv_env_target_alias_value=
ac_cv_func_argz_add=yes
ac_cv_func_argz_append=yes
ac_cv_func_argz_count=yes
ac_cv_func_argz_create_sep=yes
ac_cv_func_argz_insert=yes
ac_cv_func_argz_next=yes
ac_cv_func_argz_stringify=yes
ac_cv_func_closedir=yes
ac_cv_func_dlerror=yes
ac_cv_func_dlopen=no
ac_cv_func_opendir=yes
ac_cv_func_readdir=yes
ac_cv_func_shl_load=no
ac_cv_func_strlcat=no
ac_cv_func_strlcpy=no
ac_cv_header_argz_h=yes
ac_cv_header_dirent_h=yes
ac_cv_header_dl_h=no
ac_cv_header_dld_h=no
ac_cv_header_dlfcn_h=yes
ac_cv_header_inttypes_h=yes
ac_cv_header_mach_o_dyld_h=no
ac_cv_header_memory_h=yes
ac_cv_header_stdc=yes
ac_cv_header_stdint_h=yes
ac_cv_header_stdlib_h=yes
ac_cv_header_string_h=yes
ac_cv_header_strings_h=yes
ac_cv_header_sys_dl_h=no
ac_cv_header_sys_stat_h=yes
ac_cv_header_sys_types_h=yes
ac_cv_header_unistd_h=yes
ac_cv_host=x86_64-unknown-linux-gnu
ac_cv_lib_dl_dlopen=yes
ac_cv_lib_dld_dld_link=no
ac_cv_lib_dld_shl_load=no
ac_cv_objext=o
ac_cv_path_EGREP='/bin/grep -E'
ac_cv_path_FGREP='/bin/grep -F'
ac_cv_path_GREP=/bin/grep
ac_cv_path_SED=/bin/sed
ac_cv_path_install='/usr/bin/install -c'
ac_cv_path_mkdir=/bin/mkdir
ac_cv_prog_AWK=gawk
ac_cv_prog_CPP='gcc -E'
ac_cv_prog_ac_ct_AR=ar
ac_cv_prog_ac_ct_CC=gcc
ac_cv_prog_ac_ct_MANIFEST_TOOL=mt
ac_cv_prog_ac_ct_OBJDUMP=objdump
ac_cv_prog_ac_ct_RANLIB=ranlib
ac_cv_prog_ac_ct_STRIP=strip
ac_cv_prog_cc_c89=
ac_cv_prog_cc_g=yes
ac_cv_prog_make_make_set=yes
ac_cv_search_dlopen=-ldl
ac_cv_type_error_t=yes
am_cv_CC_dependencies_compiler_type=gcc3
am_cv_make_support_nested_variables=yes
am_cv_prog_cc_c_o=yes
libltdl_cv_lib_dl_dlopen=yes
libltdl_cv_preloaded_symbols=yes
libltdl_cv_shlibext=.so
libltdl_cv_shrext=.so
lt_cv_ar_at_file=@
lt_cv_archive_cmds_need_lc=no
lt_cv_deplibs_check_method=pass_all
lt_cv_dlopen=dlopen
lt_cv_dlopen_libs=-ldl
lt_cv_dlopen_self=yes
lt_cv_dlopen_self_static=no
lt_cv_file_magic_cmd='$MAGIC_CMD'
lt_cv_file_magic_test_file=
lt_cv_ld_reload_flag=-r
lt_cv_module_path_var=LD_LIBRARY_PATH
lt_cv_nm_interface='BSD nm'
lt_cv_objdir=.libs
lt_cv_path_LD=/usr/bin/ld
lt_cv_path_NM='/usr/bin/nm -B'
lt_cv_path_mainfest_tool=no
lt_cv_prog_compiler_c_o=yes
lt_cv_prog_compiler_pic='-fPIC -DPIC'
lt_cv_prog_compiler_pic_works=yes
lt_cv_prog_compiler_rtti_exceptions=no
lt_cv_prog_compiler_static_works=yes
lt_cv_prog_gnu_ld=yes
lt_cv_sharedlib_from_linklib_cmd='printf %s\n'
lt_cv_shlibpath_overrides_runpath=no
lt_cv_sys_argz_works=yes
lt_cv_sys_dlopen_deplibs=yes
lt_cv_sys_dlsearch_path='/lib /usr/lib /usr/lib/x86_64-linux-gnu/libfakeroot /lib/i386-linux-gnu /usr/lib/i386-linux-gnu /lib/i586-linux-gnu /usr/lib/i586-linux-gnu /usr/local/lib /lib/x86_64-linux-gnu /usr/lib/x86_64-linux-gnu '
lt_cv_sys_global_symbol_pipe='sed -n -e '\''s/^.*[	 ]\([ABCDGIRSTW][ABCDGIRSTW]*\)[	 ][	 ]*\([_A-Za-z][_A-Za-z0-9]*\)$/\1 \2 \2/p'\'' | sed '\''/ __gnu_lto/d'\'''
lt_cv_sys_global_symbol_to_c_name_address='sed -n -e '\''s/^: \([^ ]*\)[ ]*$/  {\"\1\", (void *) 0},/p'\'' -e '\''s/^[ABCDGIRSTW]* \([^ ]*\) \([^ ]*\)$/  {"\2", (void *) \&\2},/p'\'''
lt_cv_sys_global_symbol_to_c_name_address_lib_prefix='sed -n -e '\''s/^: \([^ ]*\)[ ]*$/  {\"\1\", (void *) 0},/p'\'' -e '\''s/^[ABCDGIRSTW]* \([^ ]*\) \(lib[^ ]*\)$/  {"\2", (void *) \&\2},/p'\'' -e '\''s/^[ABCDGIRSTW]* \([^ ]*\) \([^ ]*\)$/  {"lib\2", (void *) \&\2},/p'\'''
lt_cv_sys_global_symbol_to_cdecl='sed -n -e '\''s/^T .* \(.*\)$/extern int \1();/p'\'' -e '\''s/^[ABCDGIRSTW]* .* \(.*\)$/extern char \1;/p'\'''
lt_cv_sys_max_cmd_len=1572864
lt_cv_sys_symbol_underscore=no
lt_cv_to_host_file_cmd=func_convert_file_noop
lt_cv_to_tool_file_cmd=func_convert_file_noop

## ----------------- ##
## Output variables. ##
## ----------------- ##

ACLOCAL='${SHELL} /home/mikael/git/bgmodel/nest/module/bootstrap-module-150605-2.6.0-nest-2.6.0/libltdl/config/missing aclocal-1.14'
AMDEPBACKSLASH='\'
AMDEP_FALSE='#'
AMDEP_TRUE=''
AMTAR='$${TAR-tar}'
AM_BACKSLASH='\'
AM_DEFAULT_V='$(AM_DEFAULT_VERBOSITY)'
AM_DEFAULT_VERBOSITY='1'
AM_V='$(V)'
AR='ar'
ARGZ_H=''
AS='as'
AUTOCONF='${SHELL} /home/mikael/git/bgmodel/nest/module/bootstrap-module-150605-2.6.0-nest-2.6.0/libltdl/config/missing autoconf'
AUTOHEADER='${SHELL} /home/mikael/git/bgmodel/nest/module/bootstrap-module-150605-2.6.0-nest-2.6.0/libltdl/config/missing autoheader'
AUTOMAKE='${SHELL} /home/mikael/git/bgmodel/nest/module/bootstrap-module-150605-2.6.0-nest-2.6.0/libltdl/config/missing automake-1.14'
AWK='gawk'
CC='gcc'
CCDEPMODE='depmode=gcc3'
CFLAGS='-g -O2'
CONVENIENCE_LTDL_FALSE='#'
CONVENIENCE_LTDL_TRUE=''
CPP='gcc -E'
CPPFLAGS=''
CYGPATH_W='echo'
DEFS='-DHAVE_CONFIG_H'
DEPDIR='.deps'
DLLTOOL='false'
DSYMUTIL=''
DUMPBIN=''
ECHO_C=''
ECHO_N='-n'
ECHO_T=''
EGREP='/bin/grep -E'
EXEEXT=''
FGREP='/bin/grep -F'
GREP='/bin/grep'
INSTALL_DATA='${INSTALL} -m 644'
INSTALL_LTDL_FALSE=''
INSTALL_LTDL_TRUE='#'
INSTALL_PROGRAM='${INSTALL}'
INSTALL_SCRIPT='${INSTALL}'
INSTALL_STRIP_PROGRAM='$(install_sh) -c -s'
LD='/usr/bin/ld -m elf_x86_64'
LDFLAGS=''
LIBADD_DL='-ldl '
LIBADD_DLD_LINK=''
LIBADD_DLOPEN='-ldl'
LIBADD_SHL_LOAD=''
LIBOBJS=' ${LIBOBJDIR}lt__strl$U.o'
LIBS='-ldl '
LIBTOOL='$(SHELL) $(top_builddir)/libtool'
LIPO=''
LN_S='ln -s'
LTDLOPEN='libltdl'
LTLIBOBJS=' ${LIBOBJDIR}lt__strl$U.lo'
LT_CONFIG_H='config.h'
LT_DLLOADERS=' dlopen.la'
LT_DLPREOPEN='-dlpreopen dlopen.la '
MAKEINFO='${SHELL} /home/mikael/git/bgmodel/nest/module/bootstrap-module-150605-2.6.0-nest-2.6.0/libltdl/config/missing makeinfo'
MANIFEST_TOOL=':'
MKDIR_P='/bin/mkdir -p'
NM='/usr/bin/nm -B'
NMEDIT=''
OBJDUMP='objdump'
OBJEXT='o'
OTOOL64=''
OTOOL=''
PACKAGE='libltdl'
PACKAGE_BUGREPORT='bug-libtool@gnu.org'
PACKAGE_NAME='libltdl'
PACKAGE_STRING='libltdl 2.4.2'
PACKAGE_TARNAME='libltdl'
PACKAGE_URL=''
PACKAGE_VERSION='2.4.2'
PATH_SEPARATOR=':'
RANLIB='ranlib'
SED='/bin/sed'
SET_MAKE=''
SHELL='/bin/bash'
STRIP='strip'
VERSION='2.4.2'
ac_ct_AR='ar'
ac_ct_CC='gcc'
ac_ct_DUMPBIN=''
am__EXEEXT_FALSE=''
am__EXEEXT_TRUE='#'
am__fastdepCC_FALSE='#'
am__fastdepCC_TRUE=''
am__include='include'
am__isrc=' -I$(srcdir)'
am__leading_dot='.'
am__nodep='_no'
am__quote=''
am__tar='$${TAR-tar} chof - "$$tardir"'
am__untar='$${TAR-tar} xf -'
bindir='${exec_prefix}/bin'
build='x86_64-unknown-linux-gnu'
build_alias=''
build_cpu='x86_64'
build_os='linux-gnu'
build_vendor='unknown'
datadir='${datarootdir}'
datarootdir='${prefix}/share'
docdir='${datarootdir}/doc/${PACKAGE_TARNAME}'
dvidir='${docdir}'
exec_prefix='${prefix}'
host='x86_64-unknown-linux-gnu'
host_alias=''
host_cpu='x86_64'
host_os='linux-gnu'
host_vendor='unknown'
htmldir='${docdir}'
includedir='${prefix}/include'
infodir='${datarootdir}/info'
install_sh='${SHELL} /home/mikael/git/bgmodel/nest/module/bootstrap-module-150605-2.6.0-nest-2.6.0/libltdl/config/install-sh'
libdir='${exec_prefix}/lib'
libexecdir='${exec_prefix}/libexec'
localedir='${datarootdir}/locale'
localstatedir='${prefix}/var'
mandir='${datarootdir}/man'
mkdir_p='$(MKDIR_P)'
oldincludedir='/usr/include'
pdfdir='${docdir}'
prefix='/home/mikael/git/bgmodel/nest/module/install-module-150605-2.6.0-nest-2.6.0'
program_transform_name='s,x,x,'
psdir='${docdir}'
sbindir='${exec_prefix}/sbin'
sharedstatedir='${prefix}/com'
sys_symbol_underscore='no'
sysconfdir='${prefix}/etc'
target_alias=''

## ----------- ##
## confdefs.h. ##
## ----------- ##

/* confdefs.h */
#define PACKAGE_NAME "libltdl"
#define PACKAGE_TARNAME "libltdl"
#define PACKAGE_VERSION "2.4.2"
#define PACKAGE_STRING "libltdl 2.4.2"
#define PACKAGE_BUGREPORT "bug-libtool@gnu.org"
#define PACKAGE_URL ""
#define PACKAGE "libltdl"
#define VERSION "2.4.2"
#define STDC_HEADERS 1
#define HAVE_SYS_TYPES_H 1
#define HAVE_SYS_STAT_H 1
#define HAVE_STDLIB_H 1
#define HAVE_STRING_H 1
#define HAVE_MEMORY_H 1
#define HAVE_STRINGS_H 1
#define HAVE_INTTYPES_H 1
#define HAVE_STDINT_H 1
#define HAVE_UNISTD_H 1
#define HAVE_DLFCN_H 1
#define LT_OBJDIR ".libs/"
#define LT_MODULE_EXT ".so"
#define LT_MODULE_PATH_VAR "LD_LIBRARY_PATH"
#define LT_DLSEARCH_PATH "/lib:/usr/lib:/usr/lib/x86_64-linux-gnu/libfakeroot:/lib/i386-linux-gnu:/usr/lib/i386-linux-gnu:/lib/i586-linux-gnu:/usr/lib/i586-linux-gnu:/usr/local/lib:/lib/x86_64-linux-gnu:/usr/lib/x86_64-linux-gnu"
#define HAVE_LIBDL 1
#define HAVE_DLERROR 1
#define HAVE_LIBDLLOADER 1
#define HAVE_ARGZ_H 1
#define HAVE_ERROR_T 1
#define HAVE_ARGZ_ADD 1
#define HAVE_ARGZ_APPEND 1
#define HAVE_ARGZ_COUNT 1
#define HAVE_ARGZ_CREATE_SEP 1
#define HAVE_ARGZ_INSERT 1
#define HAVE_ARGZ_NEXT 1
#define HAVE_ARGZ_STRINGIFY 1
#define HAVE_WORKING_ARGZ 1
#define HAVE_PRELOADED_SYMBOLS 1
#define HAVE_UNISTD_H 1
#define HAVE_DIRENT_H 1
#define HAVE_CLOSEDIR 1
#define HAVE_OPENDIR 1
#define HAVE_READDIR 1
#define LT_LIBEXT "a"
#define LT_LIBPREFIX "lib"

configure: exit 0
