This file contains any messages produced by compilers while
running configure, to aid debugging if configure makes a mistake.

It was created by ml_module configure 1.0, which was
generated by GNU Autoconf 2.69.  Invocation command line was

  $ /home/mikael/git/bgmodel/nest/module/bootstrap-module-150605-2.4.2-nest-2.4.2/configure --with-nest=/home/mikael/git/bgmodel/nest/dist/install-nest-2.4.2/bin/nest-config --prefix=/home/mikael/git/bgmodel/nest/module/install-module-150605-2.4.2-nest-2.4.2//

## --------- ##
## Platform. ##
## --------- ##

hostname = thalamus
uname -m = x86_64
uname -r = 3.16.0-4-amd64
uname -s = Linux
uname -v = #1 SMP Debian 3.16.7-ckt9-3~deb8u1 (2015-04-24)

/usr/bin/uname -p = unknown
/bin/uname -X     = unknown

/bin/arch              = unknown
/usr/bin/arch -k       = unknown
/usr/convex/getsysinfo = unknown
/usr/bin/hostinfo      = unknown
/bin/machine           = unknown
/usr/bin/oslevel       = unknown
/bin/universe          = unknown

PATH: /usr/local/bin
PATH: /usr/bin
PATH: /bin
PATH: /usr/local/games
PATH: /usr/games


## ----------- ##
## Core tests. ##
## ----------- ##

configure:2428: checking for a BSD-compatible install
configure:2496: result: /usr/bin/install -c
configure:2507: checking whether build environment is sane
configure:2562: result: yes
configure:2713: checking for a thread-safe mkdir -p
configure:2752: result: /bin/mkdir -p
configure:2759: checking for gawk
configure:2775: found /usr/bin/gawk
configure:2786: result: gawk
configure:2797: checking whether make sets $(MAKE)
configure:2819: result: yes
configure:2848: checking whether make supports nested variables
configure:2865: result: yes
configure:2954: checking whether UID '1000' is supported by ustar format
configure:2957: result: yes
configure:2964: checking whether GID '1000' is supported by ustar format
configure:2967: result: yes
configure:2975: checking how to create a ustar tar archive
configure:2986: tar --version
tar (GNU tar) 1.27.1
Copyright (C) 2013 Free Software Foundation, Inc.
License GPLv3+: GNU GPL version 3 or later <http://gnu.org/licenses/gpl.html>.
This is free software: you are free to change and redistribute it.
There is NO WARRANTY, to the extent permitted by law.

Written by John Gilmore and Jay Fenlason.
configure:2989: $? = 0
configure:3029: tardir=conftest.dir && eval tar --format=ustar -chf - "$tardir" >conftest.tar
configure:3032: $? = 0
configure:3036: tar -xf - <conftest.tar
configure:3039: $? = 0
configure:3041: cat conftest.dir/file
GrepMe
configure:3044: $? = 0
configure:3057: result: gnutar
configure:3113: checking build system type
configure:3127: result: x86_64-unknown-linux-gnu
configure:3147: checking host system type
configure:3160: result: x86_64-unknown-linux-gnu
configure:3211: checking for nest-config 
configure:3214: checking for /home/mikael/git/bgmodel/nest/dist/install-nest-2.4.2/bin/nest-config
configure:3228: result: yes
configure:3236: result: found
configure:3241: checking for NEST directory information 
configure:3247: result: -I/home/mikael/git/bgmodel/nest/dist/build-nest-2.4.2/libnestutil -I/home/mikael/git/bgmodel/nest/dist/nest-2.4.2/{libnestutil,librandom,sli,nestkernel,nest,topology} -fopenmp
configure:3281: checking for style of include used by make
configure:3309: result: GNU
configure:3380: checking for gcc
configure:3396: found /usr/bin/gcc
configure:3407: result: gcc
configure:3636: checking for C compiler version
configure:3645: gcc --version >&5
gcc (Debian 4.9.2-10) 4.9.2
Copyright (C) 2014 Free Software Foundation, Inc.
This is free software; see the source for copying conditions.  There is NO
warranty; not even for MERCHANTABILITY or FITNESS FOR A PARTICULAR PURPOSE.

configure:3656: $? = 0
configure:3645: gcc -v >&5
Using built-in specs.
COLLECT_GCC=gcc
COLLECT_LTO_WRAPPER=/usr/lib/gcc/x86_64-linux-gnu/4.9/lto-wrapper
Target: x86_64-linux-gnu
Configured with: ../src/configure -v --with-pkgversion='Debian 4.9.2-10' --with-bugurl=file:///usr/share/doc/gcc-4.9/README.Bugs --enable-languages=c,c++,java,go,d,fortran,objc,obj-c++ --prefix=/usr --program-suffix=-4.9 --enable-shared --enable-linker-build-id --libexecdir=/usr/lib --without-included-gettext --enable-threads=posix --with-gxx-include-dir=/usr/include/c++/4.9 --libdir=/usr/lib --enable-nls --with-sysroot=/ --enable-clocale=gnu --enable-libstdcxx-debug --enable-libstdcxx-time=yes --enable-gnu-unique-object --disable-vtable-verify --enable-plugin --with-system-zlib --disable-browser-plugin --enable-java-awt=gtk --enable-gtk-cairo --with-java-home=/usr/lib/jvm/java-1.5.0-gcj-4.9-amd64/jre --enable-java-home --with-jvm-root-dir=/usr/lib/jvm/java-1.5.0-gcj-4.9-amd64 --with-jvm-jar-dir=/usr/lib/jvm-exports/java-1.5.0-gcj-4.9-amd64 --with-arch-directory=amd64 --with-ecj-jar=/usr/share/java/eclipse-ecj.jar --enable-objc-gc --enable-multiarch --with-arch-32=i586 --with-abi=m64 --with-multilib-list=m32,m64,mx32 --enable-multilib --with-tune=generic --enable-checking=release --build=x86_64-linux-gnu --host=x86_64-linux-gnu --target=x86_64-linux-gnu
Thread model: posix
gcc version 4.9.2 (Debian 4.9.2-10) 
configure:3656: $? = 0
configure:3645: gcc -V >&5
gcc: error: unrecognized command line option '-V'
gcc: fatal error: no input files
compilation terminated.
configure:3656: $? = 4
configure:3645: gcc -qversion >&5
gcc: error: unrecognized command line option '-qversion'
gcc: fatal error: no input files
compilation terminated.
configure:3656: $? = 4
configure:3676: checking whether the C compiler works
configure:3698: gcc    conftest.c  >&5
configure:3702: $? = 0
configure:3750: result: yes
configure:3753: checking for C compiler default output file name
configure:3755: result: a.out
configure:3761: checking for suffix of executables
configure:3768: gcc -o conftest    conftest.c  >&5
configure:3772: $? = 0
configure:3794: result: 
configure:3816: checking whether we are cross compiling
configure:3824: gcc -o conftest    conftest.c  >&5
configure:3828: $? = 0
configure:3835: ./conftest
configure:3839: $? = 0
configure:3854: result: no
configure:3859: checking for suffix of object files
configure:3881: gcc -c   conftest.c >&5
configure:3885: $? = 0
configure:3906: result: o
configure:3910: checking whether we are using the GNU C compiler
configure:3929: gcc -c   conftest.c >&5
configure:3929: $? = 0
configure:3938: result: yes
configure:3947: checking whether gcc accepts -g
configure:3967: gcc -c -g  conftest.c >&5
configure:3967: $? = 0
configure:4008: result: yes
configure:4025: checking for gcc option to accept ISO C89
configure:4088: gcc  -c -g -O2  conftest.c >&5
configure:4088: $? = 0
configure:4101: result: none needed
configure:4126: checking whether gcc understands -c and -o together
configure:4148: gcc -c conftest.c -o conftest2.o
configure:4151: $? = 0
configure:4148: gcc -c conftest.c -o conftest2.o
configure:4151: $? = 0
configure:4163: result: yes
configure:4182: checking dependency style of gcc
configure:4293: result: gcc3
configure:4314: checking how to run the C preprocessor
configure:4345: gcc -E  conftest.c
configure:4345: $? = 0
configure:4359: gcc -E  conftest.c
conftest.c:11:28: fatal error: ac_nonexistent.h: No such file or directory
 #include <ac_nonexistent.h>
                            ^
compilation terminated.
configure:4359: $? = 1
configure: failed program was:
| /* confdefs.h */
| #define PACKAGE_NAME "ml_module"
| #define PACKAGE_TARNAME "ml_module"
| #define PACKAGE_VERSION "1.0"
| #define PACKAGE_STRING "ml_module 1.0"
| #define PACKAGE_BUGREPORT "nest_user@nest-initiative.org"
| #define PACKAGE_URL ""
| #define PACKAGE "ml_module"
| #define VERSION "1.0"
| /* end confdefs.h.  */
| #include <ac_nonexistent.h>
configure:4384: result: gcc -E
configure:4404: gcc -E  conftest.c
configure:4404: $? = 0
configure:4418: gcc -E  conftest.c
conftest.c:11:28: fatal error: ac_nonexistent.h: No such file or directory
 #include <ac_nonexistent.h>
                            ^
compilation terminated.
configure:4418: $? = 1
configure: failed program was:
| /* confdefs.h */
| #define PACKAGE_NAME "ml_module"
| #define PACKAGE_TARNAME "ml_module"
| #define PACKAGE_VERSION "1.0"
| #define PACKAGE_STRING "ml_module 1.0"
| #define PACKAGE_BUGREPORT "nest_user@nest-initiative.org"
| #define PACKAGE_URL ""
| #define PACKAGE "ml_module"
| #define VERSION "1.0"
| /* end confdefs.h.  */
| #include <ac_nonexistent.h>
configure:4447: checking for grep that handles long lines and -e
configure:4505: result: /bin/grep
configure:4510: checking for egrep
configure:4572: result: /bin/grep -E
configure:4577: checking for ANSI C header files
configure:4597: gcc -c -g -O2  conftest.c >&5
configure:4597: $? = 0
configure:4670: gcc -o conftest -g -O2   conftest.c  >&5
configure:4670: $? = 0
configure:4670: ./conftest
configure:4670: $? = 0
configure:4681: result: yes
configure:4694: checking for sys/types.h
configure:4694: gcc -c -g -O2  conftest.c >&5
configure:4694: $? = 0
configure:4694: result: yes
configure:4694: checking for sys/stat.h
configure:4694: gcc -c -g -O2  conftest.c >&5
configure:4694: $? = 0
configure:4694: result: yes
configure:4694: checking for stdlib.h
configure:4694: gcc -c -g -O2  conftest.c >&5
configure:4694: $? = 0
configure:4694: result: yes
configure:4694: checking for string.h
configure:4694: gcc -c -g -O2  conftest.c >&5
configure:4694: $? = 0
configure:4694: result: yes
configure:4694: checking for memory.h
configure:4694: gcc -c -g -O2  conftest.c >&5
configure:4694: $? = 0
configure:4694: result: yes
configure:4694: checking for strings.h
configure:4694: gcc -c -g -O2  conftest.c >&5
configure:4694: $? = 0
configure:4694: result: yes
configure:4694: checking for inttypes.h
configure:4694: gcc -c -g -O2  conftest.c >&5
configure:4694: $? = 0
configure:4694: result: yes
configure:4694: checking for stdint.h
configure:4694: gcc -c -g -O2  conftest.c >&5
configure:4694: $? = 0
configure:4694: result: yes
configure:4694: checking for unistd.h
configure:4694: gcc -c -g -O2  conftest.c >&5
configure:4694: $? = 0
configure:4694: result: yes
configure:4707: checking minix/config.h usability
configure:4707: gcc -c -g -O2  conftest.c >&5
conftest.c:54:26: fatal error: minix/config.h: No such file or directory
 #include <minix/config.h>
                          ^
compilation terminated.
configure:4707: $? = 1
configure: failed program was:
| /* confdefs.h */
| #define PACKAGE_NAME "ml_module"
| #define PACKAGE_TARNAME "ml_module"
| #define PACKAGE_VERSION "1.0"
| #define PACKAGE_STRING "ml_module 1.0"
| #define PACKAGE_BUGREPORT "nest_user@nest-initiative.org"
| #define PACKAGE_URL ""
| #define PACKAGE "ml_module"
| #define VERSION "1.0"
| #define STDC_HEADERS 1
| #define HAVE_SYS_TYPES_H 1
| #define HAVE_SYS_STAT_H 1
| #define HAVE_STDLIB_H 1
| #define HAVE_STRING_H 1
| #define HAVE_MEMORY_H 1
| #define HAVE_STRINGS_H 1
| #define HAVE_INTTYPES_H 1
| #define HAVE_STDINT_H 1
| #define HAVE_UNISTD_H 1
| /* end confdefs.h.  */
| #include <stdio.h>
| #ifdef HAVE_SYS_TYPES_H
| # include <sys/types.h>
| #endif
| #ifdef HAVE_SYS_STAT_H
| # include <sys/stat.h>
| #endif
| #ifdef STDC_HEADERS
| # include <stdlib.h>
| # include <stddef.h>
| #else
| # ifdef HAVE_STDLIB_H
| #  include <stdlib.h>
| # endif
| #endif
| #ifdef HAVE_STRING_H
| # if !defined STDC_HEADERS && defined HAVE_MEMORY_H
| #  include <memory.h>
| # endif
| # include <string.h>
| #endif
| #ifdef HAVE_STRINGS_H
| # include <strings.h>
| #endif
| #ifdef HAVE_INTTYPES_H
| # include <inttypes.h>
| #endif
| #ifdef HAVE_STDINT_H
| # include <stdint.h>
| #endif
| #ifdef HAVE_UNISTD_H
| # include <unistd.h>
| #endif
| #include <minix/config.h>
configure:4707: result: no
configure:4707: checking minix/config.h presence
configure:4707: gcc -E  conftest.c
conftest.c:21:26: fatal error: minix/config.h: No such file or directory
 #include <minix/config.h>
                          ^
compilation terminated.
configure:4707: $? = 1
configure: failed program was:
| /* confdefs.h */
| #define PACKAGE_NAME "ml_module"
| #define PACKAGE_TARNAME "ml_module"
| #define PACKAGE_VERSION "1.0"
| #define PACKAGE_STRING "ml_module 1.0"
| #define PACKAGE_BUGREPORT "nest_user@nest-initiative.org"
| #define PACKAGE_URL ""
| #define PACKAGE "ml_module"
| #define VERSION "1.0"
| #define STDC_HEADERS 1
| #define HAVE_SYS_TYPES_H 1
| #define HAVE_SYS_STAT_H 1
| #define HAVE_STDLIB_H 1
| #define HAVE_STRING_H 1
| #define HAVE_MEMORY_H 1
| #define HAVE_STRINGS_H 1
| #define HAVE_INTTYPES_H 1
| #define HAVE_STDINT_H 1
| #define HAVE_UNISTD_H 1
| /* end confdefs.h.  */
| #include <minix/config.h>
configure:4707: result: no
configure:4707: checking for minix/config.h
configure:4707: result: no
configure:4728: checking whether it is safe to define __EXTENSIONS__
configure:4746: gcc -c -g -O2  conftest.c >&5
configure:4746: $? = 0
configure:4753: result: yes
configure:4829: checking for mpicxx
configure:4845: found /usr/bin/mpicxx
configure:4856: result: mpicxx
configure:4883: checking for C++ compiler version
configure:4892: mpicxx --version >&5
g++ (Debian 4.9.2-10) 4.9.2
Copyright (C) 2014 Free Software Foundation, Inc.
This is free software; see the source for copying conditions.  There is NO
warranty; not even for MERCHANTABILITY or FITNESS FOR A PARTICULAR PURPOSE.

configure:4903: $? = 0
configure:4892: mpicxx -v >&5
Using built-in specs.
COLLECT_GCC=/usr/bin/g++
COLLECT_LTO_WRAPPER=/usr/lib/gcc/x86_64-linux-gnu/4.9/lto-wrapper
Target: x86_64-linux-gnu
Configured with: ../src/configure -v --with-pkgversion='Debian 4.9.2-10' --with-bugurl=file:///usr/share/doc/gcc-4.9/README.Bugs --enable-languages=c,c++,java,go,d,fortran,objc,obj-c++ --prefix=/usr --program-suffix=-4.9 --enable-shared --enable-linker-build-id --libexecdir=/usr/lib --without-included-gettext --enable-threads=posix --with-gxx-include-dir=/usr/include/c++/4.9 --libdir=/usr/lib --enable-nls --with-sysroot=/ --enable-clocale=gnu --enable-libstdcxx-debug --enable-libstdcxx-time=yes --enable-gnu-unique-object --disable-vtable-verify --enable-plugin --with-system-zlib --disable-browser-plugin --enable-java-awt=gtk --enable-gtk-cairo --with-java-home=/usr/lib/jvm/java-1.5.0-gcj-4.9-amd64/jre --enable-java-home --with-jvm-root-dir=/usr/lib/jvm/java-1.5.0-gcj-4.9-amd64 --with-jvm-jar-dir=/usr/lib/jvm-exports/java-1.5.0-gcj-4.9-amd64 --with-arch-directory=amd64 --with-ecj-jar=/usr/share/java/eclipse-ecj.jar --enable-objc-gc --enable-multiarch --with-arch-32=i586 --with-abi=m64 --with-multilib-list=m32,m64,mx32 --enable-multilib --with-tune=generic --enable-checking=release --build=x86_64-linux-gnu --host=x86_64-linux-gnu --target=x86_64-linux-gnu
Thread model: posix
gcc version 4.9.2 (Debian 4.9.2-10) 
configure:4903: $? = 0
configure:4892: mpicxx -V >&5
g++: error: unrecognized command line option '-V'
g++: fatal error: no input files
compilation terminated.
configure:4903: $? = 4
configure:4892: mpicxx -qversion >&5
g++: error: unrecognized command line option '-qversion'
g++: fatal error: no input files
compilation terminated.
configure:4903: $? = 4
configure:4907: checking whether we are using the GNU C++ compiler
configure:4926: mpicxx -c   conftest.cpp >&5
configure:4926: $? = 0
configure:4935: result: yes
configure:4944: checking whether mpicxx accepts -g
configure:4964: mpicxx -c -g  conftest.cpp >&5
configure:4964: $? = 0
configure:5005: result: yes
configure:5030: checking dependency style of mpicxx
configure:5141: result: gcc3
configure:5164: checking for a sed that does not truncate output
configure:5228: result: /bin/sed
configure:5246: checking for fgrep
configure:5308: result: /bin/grep -F
configure:5335: checking how to print strings
configure:5362: result: printf
configure:5395: checking for ld used by gcc
configure:5462: result: /usr/bin/ld
configure:5469: checking if the linker (/usr/bin/ld) is GNU ld
configure:5484: result: yes
configure:5562: checking for BSD- or MS-compatible name lister (nm)
configure:5611: result: /usr/bin/nm -B
configure:5741: checking the name lister (/usr/bin/nm -B) interface
configure:5748: gcc -c -g -O2  conftest.c >&5
configure:5751: /usr/bin/nm -B "conftest.o"
configure:5754: output
0000000000000000 B some_variable
configure:5761: result: BSD nm
configure:5764: checking whether ln -s works
configure:5768: result: yes
configure:5776: checking the maximum length of command line arguments
configure:5907: result: 1572864
configure:5924: checking whether the shell understands some XSI constructs
configure:5934: result: yes
configure:5938: checking whether the shell understands "+="
configure:5944: result: yes
configure:5979: checking how to convert x86_64-unknown-linux-gnu file names to x86_64-unknown-linux-gnu format
configure:6019: result: func_convert_file_noop
configure:6026: checking how to convert x86_64-unknown-linux-gnu file names to toolchain format
configure:6046: result: func_convert_file_noop
configure:6053: checking for /usr/bin/ld option to reload object files
configure:6060: result: -r
configure:6134: checking for objdump
configure:6150: found /usr/bin/objdump
configure:6161: result: objdump
configure:6193: checking how to recognize dependent libraries
configure:6391: result: pass_all
configure:6476: checking for dlltool
configure:6506: result: no
configure:6536: checking how to associate runtime and link libraries
configure:6563: result: printf %s\n
configure:6623: checking for ar
configure:6639: found /usr/bin/ar
configure:6650: result: ar
configure:6687: checking for archiver @FILE support
configure:6704: gcc -c -g -O2  conftest.c >&5
configure:6704: $? = 0
configure:6707: ar cru libconftest.a @conftest.lst >&5
configure:6710: $? = 0
configure:6715: ar cru libconftest.a @conftest.lst >&5
ar: conftest.o: No such file or directory
configure:6718: $? = 1
configure:6730: result: @
configure:6788: checking for strip
configure:6804: found /usr/bin/strip
configure:6815: result: strip
configure:6887: checking for ranlib
configure:6903: found /usr/bin/ranlib
configure:6914: result: ranlib
configure:7016: checking command to parse /usr/bin/nm -B output from gcc object
configure:7136: gcc -c -g -O2  conftest.c >&5
configure:7139: $? = 0
configure:7143: /usr/bin/nm -B conftest.o \| sed -n -e 's/^.*[ ]\([ABCDGIRSTW][ABCDGIRSTW]*\)[ ][ ]*\([_A-Za-z][_A-Za-z0-9]*\)$/\1 \2 \2/p' | sed '/ __gnu_lto/d' \> conftest.nm
configure:7146: $? = 0
configure:7212: gcc -o conftest -g -O2   conftest.c conftstm.o >&5
configure:7215: $? = 0
configure:7253: result: ok
configure:7290: checking for sysroot
configure:7320: result: no
configure:7397: gcc -c -g -O2  conftest.c >&5
configure:7400: $? = 0
configure:7589: checking for mt
configure:7605: found /bin/mt
configure:7616: result: mt
configure:7639: checking if mt is a manifest tool
configure:7645: mt '-?'
configure:7653: result: no
configure:8292: checking for dlfcn.h
configure:8292: gcc -c -g -O2  conftest.c >&5
configure:8292: $? = 0
configure:8292: result: yes
configure:8509: checking for objdir
configure:8524: result: .libs
configure:8791: checking if gcc supports -fno-rtti -fno-exceptions
configure:8809: gcc -c -g -O2  -fno-rtti -fno-exceptions conftest.c >&5
cc1: warning: command line option '-fno-rtti' is valid for C++/ObjC++ but not for C
configure:8813: $? = 0
configure:8826: result: no
configure:9153: checking for gcc option to produce PIC
configure:9160: result: -fPIC -DPIC
configure:9168: checking if gcc PIC flag -fPIC -DPIC works
configure:9186: gcc -c -g -O2  -fPIC -DPIC -DPIC conftest.c >&5
configure:9190: $? = 0
configure:9203: result: yes
configure:9232: checking if gcc static flag -static works
configure:9260: result: yes
configure:9275: checking if gcc supports -c -o file.o
configure:9296: gcc -c -g -O2  -o out/conftest2.o conftest.c >&5
configure:9300: $? = 0
configure:9322: result: yes
configure:9330: checking if gcc supports -c -o file.o
configure:9377: result: yes
configure:9410: checking whether the gcc linker (/usr/bin/ld -m elf_x86_64) supports shared libraries
configure:10567: result: yes
configure:10604: checking whether -lc should be explicitly linked in
configure:10612: gcc -c -g -O2  conftest.c >&5
configure:10615: $? = 0
configure:10630: gcc -shared  -fPIC -DPIC conftest.o  -v -Wl,-soname -Wl,conftest -o conftest 2\>\&1 \| /bin/grep  -lc  \>/dev/null 2\>\&1
configure:10633: $? = 0
configure:10647: result: no
configure:10807: checking dynamic linker characteristics
configure:11307: gcc -o conftest -g -O2   -Wl,-rpath -Wl,/foo conftest.c  >&5
configure:11307: $? = 0
configure:11541: result: GNU/Linux ld.so
configure:11648: checking how to hardcode library paths into programs
configure:11673: result: immediate
configure:12213: checking whether stripping libraries is possible
configure:12218: result: yes
configure:12253: checking if libtool supports shared libraries
configure:12255: result: yes
configure:12258: checking whether to build shared libraries
configure:12279: result: yes
configure:12282: checking whether to build static libraries
configure:12286: result: yes
configure:12309: checking how to run the C++ preprocessor
configure:12336: mpicxx -E  conftest.cpp
configure:12336: $? = 0
configure:12350: mpicxx -E  conftest.cpp
conftest.cpp:28:28: fatal error: ac_nonexistent.h: No such file or directory
 #include <ac_nonexistent.h>
                            ^
compilation terminated.
configure:12350: $? = 1
configure: failed program was:
| /* confdefs.h */
| #define PACKAGE_NAME "ml_module"
| #define PACKAGE_TARNAME "ml_module"
| #define PACKAGE_VERSION "1.0"
| #define PACKAGE_STRING "ml_module 1.0"
| #define PACKAGE_BUGREPORT "nest_user@nest-initiative.org"
| #define PACKAGE_URL ""
| #define PACKAGE "ml_module"
| #define VERSION "1.0"
| #define STDC_HEADERS 1
| #define HAVE_SYS_TYPES_H 1
| #define HAVE_SYS_STAT_H 1
| #define HAVE_STDLIB_H 1
| #define HAVE_STRING_H 1
| #define HAVE_MEMORY_H 1
| #define HAVE_STRINGS_H 1
| #define HAVE_INTTYPES_H 1
| #define HAVE_STDINT_H 1
| #define HAVE_UNISTD_H 1
| #define __EXTENSIONS__ 1
| #define _ALL_SOURCE 1
| #define _GNU_SOURCE 1
| #define _POSIX_PTHREAD_SEMANTICS 1
| #define _TANDEM_SOURCE 1
| #define HAVE_DLFCN_H 1
| #define LT_OBJDIR ".libs/"
| /* end confdefs.h.  */
| #include <ac_nonexistent.h>
configure:12375: result: mpicxx -E
configure:12395: mpicxx -E  conftest.cpp
configure:12395: $? = 0
configure:12409: mpicxx -E  conftest.cpp
conftest.cpp:28:28: fatal error: ac_nonexistent.h: No such file or directory
 #include <ac_nonexistent.h>
                            ^
compilation terminated.
configure:12409: $? = 1
configure: failed program was:
| /* confdefs.h */
| #define PACKAGE_NAME "ml_module"
| #define PACKAGE_TARNAME "ml_module"
| #define PACKAGE_VERSION "1.0"
| #define PACKAGE_STRING "ml_module 1.0"
| #define PACKAGE_BUGREPORT "nest_user@nest-initiative.org"
| #define PACKAGE_URL ""
| #define PACKAGE "ml_module"
| #define VERSION "1.0"
| #define STDC_HEADERS 1
| #define HAVE_SYS_TYPES_H 1
| #define HAVE_SYS_STAT_H 1
| #define HAVE_STDLIB_H 1
| #define HAVE_STRING_H 1
| #define HAVE_MEMORY_H 1
| #define HAVE_STRINGS_H 1
| #define HAVE_INTTYPES_H 1
| #define HAVE_STDINT_H 1
| #define HAVE_UNISTD_H 1
| #define __EXTENSIONS__ 1
| #define _ALL_SOURCE 1
| #define _GNU_SOURCE 1
| #define _POSIX_PTHREAD_SEMANTICS 1
| #define _TANDEM_SOURCE 1
| #define HAVE_DLFCN_H 1
| #define LT_OBJDIR ".libs/"
| /* end confdefs.h.  */
| #include <ac_nonexistent.h>
configure:12578: checking for ld used by mpicxx
configure:12645: result: /usr/bin/ld -m elf_x86_64
configure:12652: checking if the linker (/usr/bin/ld -m elf_x86_64) is GNU ld
configure:12667: result: yes
configure:12722: checking whether the mpicxx linker (/usr/bin/ld -m elf_x86_64) supports shared libraries
configure:13724: result: yes
configure:13760: mpicxx -c   conftest.cpp >&5
configure:13763: $? = 0
configure:14283: checking for mpicxx option to produce PIC
configure:14290: result: -fPIC -DPIC
configure:14298: checking if mpicxx PIC flag -fPIC -DPIC works
configure:14316: mpicxx -c   -fPIC -DPIC -DPIC conftest.cpp >&5
configure:14320: $? = 0
configure:14333: result: yes
configure:14356: checking if mpicxx static flag -static works
configure:14384: result: no
configure:14396: checking if mpicxx supports -c -o file.o
configure:14417: mpicxx -c   -o out/conftest2.o conftest.cpp >&5
configure:14421: $? = 0
configure:14443: result: yes
configure:14448: checking if mpicxx supports -c -o file.o
configure:14495: result: yes
configure:14525: checking whether the mpicxx linker (/usr/bin/ld -m elf_x86_64) supports shared libraries
configure:14564: result: yes
configure:14705: checking dynamic linker characteristics
configure:15373: result: GNU/Linux ld.so
configure:15426: checking how to hardcode library paths into programs
configure:15451: result: immediate
configure:15531: checking how to run the C++ preprocessor
configure:15597: result: mpicxx -E
configure:15617: mpicxx -E  conftest.cpp
configure:15617: $? = 0
configure:15631: mpicxx -E  conftest.cpp
conftest.cpp:28:28: fatal error: ac_nonexistent.h: No such file or directory
 #include <ac_nonexistent.h>
                            ^
compilation terminated.
configure:15631: $? = 1
configure: failed program was:
| /* confdefs.h */
| #define PACKAGE_NAME "ml_module"
| #define PACKAGE_TARNAME "ml_module"
| #define PACKAGE_VERSION "1.0"
| #define PACKAGE_STRING "ml_module 1.0"
| #define PACKAGE_BUGREPORT "nest_user@nest-initiative.org"
| #define PACKAGE_URL ""
| #define PACKAGE "ml_module"
| #define VERSION "1.0"
| #define STDC_HEADERS 1
| #define HAVE_SYS_TYPES_H 1
| #define HAVE_SYS_STAT_H 1
| #define HAVE_STDLIB_H 1
| #define HAVE_STRING_H 1
| #define HAVE_MEMORY_H 1
| #define HAVE_STRINGS_H 1
| #define HAVE_INTTYPES_H 1
| #define HAVE_STDINT_H 1
| #define HAVE_UNISTD_H 1
| #define __EXTENSIONS__ 1
| #define _ALL_SOURCE 1
| #define _GNU_SOURCE 1
| #define _POSIX_PTHREAD_SEMANTICS 1
| #define _TANDEM_SOURCE 1
| #define HAVE_DLFCN_H 1
| #define LT_OBJDIR ".libs/"
| /* end confdefs.h.  */
| #include <ac_nonexistent.h>
configure:15664: checking for gmake
configure:15697: result: no
configure:15664: checking for make
configure:15682: found /usr/bin/make
configure:15694: result: /usr/bin/make
configure:15866: checking that generated files are newer than configure
configure:15872: result: done
configure:15899: creating ./config.status

## ---------------------- ##
## Running config.status. ##
## ---------------------- ##

This file was extended by ml_module config.status 1.0, which was
generated by GNU Autoconf 2.69.  Invocation command line was

  CONFIG_FILES    = 
  CONFIG_HEADERS  = 
  CONFIG_LINKS    = 
  CONFIG_COMMANDS = 
  $ ./config.status 

on thalamus

config.status:1174: creating Makefile
config.status:1174: creating ml_module_config.h
config.status:1388: executing depfiles commands
config.status:1388: executing libtool commands
configure:18454: === configuring in libltdl (/home/mikael/git/bgmodel/nest/module/build-module-150605-2.4.2-nest-2.4.2/libltdl)
configure:18517: running /bin/bash /home/mikael/git/bgmodel/nest/module/bootstrap-module-150605-2.4.2-nest-2.4.2/libltdl/configure --disable-option-checking '--prefix=/home/mikael/git/bgmodel/nest/module/install-module-150605-2.4.2-nest-2.4.2'  '--with-nest=/home/mikael/git/bgmodel/nest/dist/install-nest-2.4.2/bin/nest-config' '--enable-ltdl-convenience' --cache-file=/dev/null --srcdir=/home/mikael/git/bgmodel/nest/module/bootstrap-module-150605-2.4.2-nest-2.4.2/libltdl

## ---------------- ##
## Cache variables. ##
## ---------------- ##

ac_cv_build=x86_64-unknown-linux-gnu
ac_cv_c_compiler_gnu=yes
ac_cv_cxx_compiler_gnu=yes
ac_cv_env_CCC_set=
ac_cv_env_CCC_value=
ac_cv_env_CC_set=
ac_cv_env_CC_value=
ac_cv_env_CFLAGS_set=
ac_cv_env_CFLAGS_value=
ac_cv_env_CPPFLAGS_set=
ac_cv_env_CPPFLAGS_value=
ac_cv_env_CPP_set=
ac_cv_env_CPP_value=
ac_cv_env_CXXCPP_set=
ac_cv_env_CXXCPP_value=
ac_cv_env_CXXFLAGS_set=
ac_cv_env_CXXFLAGS_value=
ac_cv_env_CXX_set=
ac_cv_env_CXX_value=
ac_cv_env_LDFLAGS_set=
ac_cv_env_LDFLAGS_value=
ac_cv_env_LIBS_set=
ac_cv_env_LIBS_value=
ac_cv_env_build_alias_set=
ac_cv_env_build_alias_value=
ac_cv_env_host_alias_set=
ac_cv_env_host_alias_value=
ac_cv_env_target_alias_set=
ac_cv_env_target_alias_value=
ac_cv_file__home_mikael_git_bgmodel_nest_dist_install_nest_2_4_2_bin_nest_config=yes
ac_cv_header_dlfcn_h=yes
ac_cv_header_inttypes_h=yes
ac_cv_header_memory_h=yes
ac_cv_header_minix_config_h=no
ac_cv_header_stdc=yes
ac_cv_header_stdint_h=yes
ac_cv_header_stdlib_h=yes
ac_cv_header_string_h=yes
ac_cv_header_strings_h=yes
ac_cv_header_sys_stat_h=yes
ac_cv_header_sys_types_h=yes
ac_cv_header_unistd_h=yes
ac_cv_host=x86_64-unknown-linux-gnu
ac_cv_objext=o
ac_cv_path_EGREP='/bin/grep -E'
ac_cv_path_FGREP='/bin/grep -F'
ac_cv_path_GREP=/bin/grep
ac_cv_path_MAKE=/usr/bin/make
ac_cv_path_SED=/bin/sed
ac_cv_path_install='/usr/bin/install -c'
ac_cv_path_mkdir=/bin/mkdir
ac_cv_prog_AWK=gawk
ac_cv_prog_CPP='gcc -E'
ac_cv_prog_CXXCPP='mpicxx -E'
ac_cv_prog_ac_ct_AR=ar
ac_cv_prog_ac_ct_CC=gcc
ac_cv_prog_ac_ct_CXX=mpicxx
ac_cv_prog_ac_ct_MANIFEST_TOOL=mt
ac_cv_prog_ac_ct_OBJDUMP=objdump
ac_cv_prog_ac_ct_RANLIB=ranlib
ac_cv_prog_ac_ct_STRIP=strip
ac_cv_prog_cc_c89=
ac_cv_prog_cc_g=yes
ac_cv_prog_cxx_g=yes
ac_cv_prog_make_make_set=yes
ac_cv_safe_to_define___extensions__=yes
am_cv_CC_dependencies_compiler_type=gcc3
am_cv_CXX_dependencies_compiler_type=gcc3
am_cv_make_support_nested_variables=yes
am_cv_prog_cc_c_o=yes
am_cv_prog_tar_ustar=gnutar
lt_cv_ar_at_file=@
lt_cv_archive_cmds_need_lc=no
lt_cv_deplibs_check_method=pass_all
lt_cv_file_magic_cmd='$MAGIC_CMD'
lt_cv_file_magic_test_file=
lt_cv_ld_reload_flag=-r
lt_cv_nm_interface='BSD nm'
lt_cv_objdir=.libs
lt_cv_path_LD=/usr/bin/ld
lt_cv_path_LDCXX='/usr/bin/ld -m elf_x86_64'
lt_cv_path_NM='/usr/bin/nm -B'
lt_cv_path_mainfest_tool=no
lt_cv_prog_compiler_c_o=yes
lt_cv_prog_compiler_c_o_CXX=yes
lt_cv_prog_compiler_pic='-fPIC -DPIC'
lt_cv_prog_compiler_pic_CXX='-fPIC -DPIC'
lt_cv_prog_compiler_pic_works=yes
lt_cv_prog_compiler_pic_works_CXX=yes
lt_cv_prog_compiler_rtti_exceptions=no
lt_cv_prog_compiler_static_works=yes
lt_cv_prog_compiler_static_works_CXX=no
lt_cv_prog_gnu_ld=yes
lt_cv_prog_gnu_ldcxx=yes
lt_cv_sharedlib_from_linklib_cmd='printf %s\n'
lt_cv_shlibpath_overrides_runpath=no
lt_cv_sys_global_symbol_pipe='sed -n -e '\''s/^.*[	 ]\([ABCDGIRSTW][ABCDGIRSTW]*\)[	 ][	 ]*\([_A-Za-z][_A-Za-z0-9]*\)$/\1 \2 \2/p'\'' | sed '\''/ __gnu_lto/d'\'''
lt_cv_sys_global_symbol_to_c_name_address='sed -n -e '\''s/^: \([^ ]*\)[ ]*$/  {\"\1\", (void *) 0},/p'\'' -e '\''s/^[ABCDGIRSTW]* \([^ ]*\) \([^ ]*\)$/  {"\2", (void *) \&\2},/p'\'''
lt_cv_sys_global_symbol_to_c_name_address_lib_prefix='sed -n -e '\''s/^: \([^ ]*\)[ ]*$/  {\"\1\", (void *) 0},/p'\'' -e '\''s/^[ABCDGIRSTW]* \([^ ]*\) \(lib[^ ]*\)$/  {"\2", (void *) \&\2},/p'\'' -e '\''s/^[ABCDGIRSTW]* \([^ ]*\) \([^ ]*\)$/  {"lib\2", (void *) \&\2},/p'\'''
lt_cv_sys_global_symbol_to_cdecl='sed -n -e '\''s/^T .* \(.*\)$/extern int \1();/p'\'' -e '\''s/^[ABCDGIRSTW]* .* \(.*\)$/extern char \1;/p'\'''
lt_cv_sys_max_cmd_len=1572864
lt_cv_to_host_file_cmd=func_convert_file_noop
lt_cv_to_tool_file_cmd=func_convert_file_noop

## ----------------- ##
## Output variables. ##
## ----------------- ##

ACLOCAL='${SHELL} /home/mikael/git/bgmodel/nest/module/bootstrap-module-150605-2.4.2-nest-2.4.2/missing aclocal-1.14'
AMDEPBACKSLASH='\'
AMDEP_FALSE='#'
AMDEP_TRUE=''
AMTAR='$${TAR-tar}'
AM_BACKSLASH='\'
AM_CFLAGS=''
AM_CXXFLAGS=''
AM_DEFAULT_V='$(AM_DEFAULT_VERBOSITY)'
AM_DEFAULT_VERBOSITY='1'
AM_V='$(V)'
AR='ar'
ARFLAGS=''
AS=''
AUTOCONF='${SHELL} /home/mikael/git/bgmodel/nest/module/bootstrap-module-150605-2.4.2-nest-2.4.2/missing autoconf'
AUTOHEADER='${SHELL} /home/mikael/git/bgmodel/nest/module/bootstrap-module-150605-2.4.2-nest-2.4.2/missing autoheader'
AUTOMAKE='${SHELL} /home/mikael/git/bgmodel/nest/module/bootstrap-module-150605-2.4.2-nest-2.4.2/missing automake-1.14'
AWK='gawk'
CC='gcc'
CCDEPMODE='depmode=gcc3'
CFLAGS='-g -O2'
CPP='gcc -E'
CPPFLAGS=''
CXX='mpicxx'
CXXCPP='mpicxx -E'
CXXDEPMODE='depmode=gcc3'
CXXFLAGS=''
CXX_AR=''
CYGPATH_W='echo'
DEFS='-DHAVE_CONFIG_H'
DEPDIR='.deps'
DLLTOOL='false'
DSYMUTIL=''
DUMPBIN=''
ECHO_C=''
ECHO_N='-n'
ECHO_T=''
EGREP='/bin/grep -E'
EXEEXT=''
FGREP='/bin/grep -F'
GREP='/bin/grep'
HAVE_NEST='yes'
HELPDIRS='/home/mikael/git/bgmodel/nest/module/bootstrap-module-150605-2.4.2-nest-2.4.2:/home/mikael/git/bgmodel/nest/module/bootstrap-module-150605-2.4.2-nest-2.4.2/sli'
HOST=''
INCLTDL='-I${top_srcdir}/libltdl'
INSTALL_DATA='${INSTALL} -m 644'
INSTALL_PROGRAM='${INSTALL}'
INSTALL_SCRIPT='${INSTALL}'
INSTALL_STRIP_PROGRAM='$(install_sh) -c -s'
KERNEL=''
LD='/usr/bin/ld -m elf_x86_64'
LDFLAGS=''
LIBLTDL='${top_build_prefix}libltdl/libltdlc.la'
LIBOBJS=''
LIBS=''
LIBTOOL='$(SHELL) $(top_builddir)/libtool'
LIPO=''
LN_S='ln -s'
LTDLDEPS='${top_build_prefix}libltdl/libltdlc.la'
LTDLINCL='-I${top_srcdir}/libltdl'
LTLIBOBJS=''
MAKE='/usr/bin/make'
MAKEINFO='${SHELL} /home/mikael/git/bgmodel/nest/module/bootstrap-module-150605-2.4.2-nest-2.4.2/missing makeinfo'
MAKE_FLAGS=''
MANIFEST_TOOL=':'
MKDIR_P='/bin/mkdir -p'
NEST_COMPILER='mpicxx'
NEST_CONFIG='/home/mikael/git/bgmodel/nest/dist/install-nest-2.4.2/bin/nest-config'
NEST_CPPFLAGS='-I/home/mikael/git/bgmodel/nest/dist/build-nest-2.4.2/libnestutil -I/home/mikael/git/bgmodel/nest/dist/nest-2.4.2/{libnestutil,librandom,sli,nestkernel,nest,topology} -fopenmp'
NEST_PREFIX='/home/mikael/git/bgmodel/nest/dist/install-nest-2.4.2'
NM='/usr/bin/nm -B'
NMEDIT=''
OBJDUMP='objdump'
OBJEXT='o'
OTOOL64=''
OTOOL=''
PACKAGE='ml_module'
PACKAGE_BUGREPORT='nest_user@nest-initiative.org'
PACKAGE_NAME='ml_module'
PACKAGE_STRING='ml_module 1.0'
PACKAGE_TARNAME='ml_module'
PACKAGE_URL=''
PACKAGE_VERSION='1.0'
PATH_SEPARATOR=':'
PKGBUILDDIR='/home/mikael/git/bgmodel/nest/module/build-module-150605-2.4.2-nest-2.4.2'
PKGDATADIR='${datarootdir}/ml_module'
PKGDOCDIR='${datarootdir}/doc/ml_module'
PKGSRCDIR='/home/mikael/git/bgmodel/nest/module/bootstrap-module-150605-2.4.2-nest-2.4.2'
RANLIB='ranlib'
SED='/bin/sed'
SET_MAKE=''
SHELL='/bin/bash'
STRIP='strip'
VERSION='1.0'
ac_ct_AR='ar'
ac_ct_CC='gcc'
ac_ct_CXX='mpicxx'
ac_ct_DUMPBIN=''
am__EXEEXT_FALSE=''
am__EXEEXT_TRUE='#'
am__fastdepCC_FALSE='#'
am__fastdepCC_TRUE=''
am__fastdepCXX_FALSE='#'
am__fastdepCXX_TRUE=''
am__include='include'
am__isrc=' -I$(srcdir)'
am__leading_dot='.'
am__nodep='_no'
am__quote=''
am__tar='tar --format=ustar -chf - "$$tardir"'
am__untar='tar -xf -'
bindir='${exec_prefix}/bin'
build='x86_64-unknown-linux-gnu'
build_alias=''
build_cpu='x86_64'
build_os='linux-gnu'
build_vendor='unknown'
datadir='${datarootdir}'
datarootdir='${prefix}/share'
docdir='${datarootdir}/doc/${PACKAGE_TARNAME}'
dvidir='${docdir}'
exec_prefix='${prefix}'
host='x86_64-unknown-linux-gnu'
host_alias=''
host_cpu='x86_64'
host_os='linux-gnu'
host_vendor='unknown'
htmldir='${docdir}'
includedir='${prefix}/include'
infodir='${datarootdir}/info'
install_sh='${SHELL} /home/mikael/git/bgmodel/nest/module/bootstrap-module-150605-2.4.2-nest-2.4.2/install-sh'
libdir='${exec_prefix}/lib'
libexecdir='${exec_prefix}/libexec'
localedir='${datarootdir}/locale'
localstatedir='${prefix}/var'
mandir='${datarootdir}/man'
mkdir_p='$(MKDIR_P)'
oldincludedir='/usr/include'
pdfdir='${docdir}'
prefix='/home/mikael/git/bgmodel/nest/module/install-module-150605-2.4.2-nest-2.4.2'
program_transform_name='s,x,x,'
psdir='${docdir}'
sbindir='${exec_prefix}/sbin'
sharedstatedir='${prefix}/com'
subdirs=' libltdl'
sysconfdir='${prefix}/etc'
target_alias=''

## ----------- ##
## confdefs.h. ##
## ----------- ##

/* confdefs.h */
#define PACKAGE_NAME "ml_module"
#define PACKAGE_TARNAME "ml_module"
#define PACKAGE_VERSION "1.0"
#define PACKAGE_STRING "ml_module 1.0"
#define PACKAGE_BUGREPORT "nest_user@nest-initiative.org"
#define PACKAGE_URL ""
#define PACKAGE "ml_module"
#define VERSION "1.0"
#define STDC_HEADERS 1
#define HAVE_SYS_TYPES_H 1
#define HAVE_SYS_STAT_H 1
#define HAVE_STDLIB_H 1
#define HAVE_STRING_H 1
#define HAVE_MEMORY_H 1
#define HAVE_STRINGS_H 1
#define HAVE_INTTYPES_H 1
#define HAVE_STDINT_H 1
#define HAVE_UNISTD_H 1
#define __EXTENSIONS__ 1
#define _ALL_SOURCE 1
#define _GNU_SOURCE 1
#define _POSIX_PTHREAD_SEMANTICS 1
#define _TANDEM_SOURCE 1
#define HAVE_DLFCN_H 1
#define LT_OBJDIR ".libs/"

configure: exit 0
